[246月2026 16:14:11.138] [main/INFO] [net.neoforged.fml.startup.Entrypoint/]: JVM Uptime at startup: 251ms
[246月2026 16:14:11.149] [main/INFO] [net.neoforged.fml.loading.FMLLoader/]: Starting FancyModLoader version 11.0.13 (CLIENT in DEV)
[246月2026 16:14:11.149] [main/INFO] [net.neoforged.fml.loading.FMLLoader/]: Game directory: J:\minecraft orgenal mod with GPT\the_end_of_dragon_old\neoforge\run
[246月2026 16:14:11.190] [main/INFO] [net.neoforged.fml.loading.EarlyServiceDiscovery/]: Found 2 early service jars (out of 108) in 19ms
[246月2026 16:14:11.190] [main/INFO] [net.neoforged.fml.loading.FMLLoader/]: Loading FML Early Services:
[246月2026 16:14:11.190] [main/INFO] [net.neoforged.fml.loading.FMLLoader/]:  - C:/Users/Owner/.gradle/caches/modules-2/files-2.1/net.neoforged.fancymodloader/loader/11.0.13/c9c89eaf35535990110088224d188748d81eaecf/loader-11.0.13.jar
[246月2026 16:14:11.191] [main/INFO] [net.neoforged.fml.loading.FMLLoader/]:  - C:/Users/Owner/.gradle/caches/modules-2/files-2.1/net.neoforged.fancymodloader/earlydisplay/11.0.13/491a1bedecb33802fa118cae384b60f91f6f0241/earlydisplay-11.0.13.jar
[246月2026 16:14:11.194] [main/INFO] [net.neoforged.fml.loading.ImmediateWindowHandler/]: Loading ImmediateWindowProvider fmlearlywindow
[246月2026 16:14:11.622] [ForkJoinPool.commonPool-worker-10/INFO] [net.neoforged.fml.loading.moddiscovery.locators.GameLocator/]: Detected a joined NeoForge and Minecraft configuration. Applying filtering...
[246月2026 16:14:11.655] [fml-loadingscreen/INFO] [net.neoforged.fml.earlydisplay.render.LoadingScreenRenderer/]: GL info: NVIDIA GeForce GTX 1650/PCIe/SSE2 GL version 3.3.0 NVIDIA 596.49, NVIDIA Corporation
[246月2026 16:14:11.673] [ForkJoinPool.commonPool-worker-10/INFO] [net.neoforged.fml.loading.moddiscovery.locators.InDevFolderLocator/CORE]: Got mod coordinates the_end_of_dragon%%J:\\minecraft orgenal mod with GPT\\the_end_of_dragon_old\\neoforge\\build\\classes\\java\\main;the_end_of_dragon%%J:\\minecraft orgenal mod with GPT\\the_end_of_dragon_old\\neoforge\\build\\resources\\main from env
[246月2026 16:14:11.831] [ForkJoinPool.commonPool-worker-10/INFO] [net.neoforged.fml.loading.moddiscovery.locators.JarInJarDependencyLocator/]: Found 2 dependencies adding them to mods collection
[246月2026 16:14:11.832] [ForkJoinPool.commonPool-worker-10/INFO] [net.neoforged.fml.loading.moddiscovery.ModDiscoverer/]: 
     Mod List:
		Name Version (Mod Id)

		GeckoLib 5 5.5.1 (geckolib)
		Minecraft 26.1.2 (minecraft)
		NeoForge 26.1.2.43-beta (neoforge)
[246月2026 16:14:11.867] [main/ERROR] [net.neoforged.fml.loading.FMLLoader/]: File J:/minecraft orgenal mod with GPT/the_end_of_dragon_old/neoforge/build/classes/java/main is not a valid mod file
com.electronwill.nightconfig.core.io.ParsingException: Invalid newline in basic string, you should use a multiline string or escape the newline by writing \n. The string begins with: "the_end_of_dragon"
	at com.electronwill.nightconfig.toml.StringParser.parseBasic(StringParser.java:30) ~[toml-3.8.3.jar:?]
	at com.electronwill.nightconfig.toml.ValueParser.parse(ValueParser.java:49) ~[toml-3.8.3.jar:?]
	at com.electronwill.nightconfig.toml.ValueParser.parse(ValueParser.java:73) ~[toml-3.8.3.jar:?]
	at com.electronwill.nightconfig.toml.TableParser.parseNormal(TableParser.java:67) ~[toml-3.8.3.jar:?]
	at com.electronwill.nightconfig.toml.TableParser.parseNormal(TableParser.java:124) ~[toml-3.8.3.jar:?]
	at com.electronwill.nightconfig.toml.TomlParser.parse(TomlParser.java:87) ~[toml-3.8.3.jar:?]
	at com.electronwill.nightconfig.toml.TomlParser.parse(TomlParser.java:45) ~[toml-3.8.3.jar:?]
	at net.neoforged.fml.loading.moddiscovery.ModFileParser.modsTomlParser(ModFileParser.java:46) ~[loader-11.0.13.jar:11.0]
	at net.neoforged.fml.loading.moddiscovery.ModFileParser.readModList(ModFileParser.java:32) ~[loader-11.0.13.jar:11.0]
	at net.neoforged.fml.loading.moddiscovery.ModFile.<init>(ModFile.java:79) ~[loader-11.0.13.jar:11.0]
	at net.neoforged.fml.loading.moddiscovery.ModFile.<init>(ModFile.java:70) ~[loader-11.0.13.jar:11.0]
	at net.neoforged.fml.loading.moddiscovery.readers.JarModsDotTomlModFileReader.createModFile(JarModsDotTomlModFileReader.java:45) ~[loader-11.0.13.jar:11.0]
	at net.neoforged.fml.loading.moddiscovery.readers.JarModsDotTomlModFileReader.read(JarModsDotTomlModFileReader.java:92) ~[loader-11.0.13.jar:11.0]
	at net.neoforged.fml.loading.moddiscovery.ModDiscoverer$DiscoveryPipeline.addJarContent(ModDiscoverer.java:235) ~[loader-11.0.13.jar:11.0]
	at net.neoforged.fml.loading.moddiscovery.locators.InDevFolderLocator.findCandidates(InDevFolderLocator.java:46) ~[loader-11.0.13.jar:11.0]
	at net.neoforged.fml.loading.moddiscovery.ModDiscoverer.discoverMods(ModDiscoverer.java:79) ~[loader-11.0.13.jar:11.0]
	at net.neoforged.fml.loading.FMLLoader.runDiscovery(FMLLoader.java:673) ~[loader-11.0.13.jar:11.0]
	at net.neoforged.fml.loading.FMLLoader.lambda$runOffThread$0(FMLLoader.java:733) ~[loader-11.0.13.jar:11.0]
	at java.base/java.util.concurrent.CompletableFuture$AsyncSupply.run$$$capture(CompletableFuture.java:1789) ~[?:?]
	at java.base/java.util.concurrent.CompletableFuture$AsyncSupply.run(CompletableFuture.java) ~[?:?]
	at java.base/java.util.concurrent.CompletableFuture$AsyncSupply.exec(CompletableFuture.java:1781) ~[?:?]
	at java.base/java.util.concurrent.ForkJoinTask.doExec$$$capture(ForkJoinTask.java:511) ~[?:?]
	at java.base/java.util.concurrent.ForkJoinTask.doExec(ForkJoinTask.java) ~[?:?]
	at java.base/java.util.concurrent.ForkJoinPool$WorkQueue.topLevelExec(ForkJoinPool.java:1450) ~[?:?]
	at java.base/java.util.concurrent.ForkJoinPool.runWorker(ForkJoinPool.java:2019) ~[?:?]
	at java.base/java.util.concurrent.ForkJoinWorkerThread.run(ForkJoinWorkerThread.java:187) ~[?:?]
[246月2026 16:14:11.877] [main/INFO] [net.neoforged.fml.loading.FMLLoader/]: Closing FML Loader 255990cc
[246月2026 16:14:11.877] [main/ERROR] [net.neoforged.fml.loading.modscan.BackgroundScanHandler/SCAN]: An error occurred scanning file composite(filtered(jar(J:/minecraft orgenal mod with GPT/the_end_of_dragon_old/neoforge/build/moddev/artifacts/minecraft-patched-26.1.2.43-beta.jar)), filtered(jar(J:/minecraft orgenal mod with GPT/the_end_of_dragon_old/neoforge/build/moddev/artifacts/minecraft-patched-26.1.2.43-beta.jar)))
java.util.concurrent.CancellationException
	at java.base/java.util.concurrent.CompletableFuture.cancel(CompletableFuture.java:2552) ~[?:?]
	at net.neoforged.fml.loading.moddiscovery.ModFile.close(ModFile.java:246) ~[loader-11.0.13.jar:11.0]
	at net.neoforged.fml.loading.FMLLoader.close(FMLLoader.java:239) [loader-11.0.13.jar:11.0]
	at net.neoforged.fml.loading.FMLLoader.create(FMLLoader.java:415) [loader-11.0.13.jar:11.0]
	at net.neoforged.fml.startup.Entrypoint.startup(Entrypoint.java:65) [loader-11.0.13.jar:11.0]
	at net.neoforged.fml.startup.Client.main(Client.java:17) [loader-11.0.13.jar:11.0]
	at java.base/jdk.internal.reflect.DirectMethodHandleAccessor.invoke(DirectMethodHandleAccessor.java:104) ~[?:?]
	at java.base/java.lang.reflect.Method.invoke(Method.java:565) ~[?:?]
	at net.neoforged.devlaunch.Main.main(Main.java:57) [DevLaunch-1.0.2.jar:?]
[246月2026 16:14:11.879] [main/ERROR] [net.neoforged.fml.loading.modscan.BackgroundScanHandler/SCAN]: An error occurred scanning file jar(C:/Users/Owner/.gradle/caches/modules-2/files-2.1/curse.maven/geckolib-388172/7913641/ea53340011e1794bfdd01e3dc5fdef83afd83d1c/geckolib-388172-7913641.jar)
java.util.concurrent.CancellationException
	at java.base/java.util.concurrent.CompletableFuture.cancel(CompletableFuture.java:2552) ~[?:?]
	at net.neoforged.fml.loading.moddiscovery.ModFile.close(ModFile.java:246) ~[loader-11.0.13.jar:11.0]
	at net.neoforged.fml.loading.FMLLoader.close(FMLLoader.java:239) [loader-11.0.13.jar:11.0]
	at net.neoforged.fml.loading.FMLLoader.create(FMLLoader.java:415) [loader-11.0.13.jar:11.0]
	at net.neoforged.fml.startup.Entrypoint.startup(Entrypoint.java:65) [loader-11.0.13.jar:11.0]
	at net.neoforged.fml.startup.Client.main(Client.java:17) [loader-11.0.13.jar:11.0]
	at java.base/jdk.internal.reflect.DirectMethodHandleAccessor.invoke(DirectMethodHandleAccessor.java:104) ~[?:?]
	at java.base/java.lang.reflect.Method.invoke(Method.java:565) ~[?:?]
	at net.neoforged.devlaunch.Main.main(Main.java:57) [DevLaunch-1.0.2.jar:?]
[246月2026 16:14:11.880] [main/ERROR] [net.neoforged.fml.loading.modscan.BackgroundScanHandler/SCAN]: An error occurred scanning file composite(filtered(jar(C:/Users/Owner/.gradle/caches/modules-2/files-2.1/net.neoforged/neoforge/26.1.2.43-beta/6b8b2150f4db76b1ac1890aba0033359fd84abba/neoforge-26.1.2.43-beta-universal.jar)))
java.util.concurrent.CancellationException
	at java.base/java.util.concurrent.CompletableFuture.cancel(CompletableFuture.java:2552) ~[?:?]
	at net.neoforged.fml.loading.moddiscovery.ModFile.close(ModFile.java:246) ~[loader-11.0.13.jar:11.0]
	at net.neoforged.fml.loading.FMLLoader.close(FMLLoader.java:239) [loader-11.0.13.jar:11.0]
	at net.neoforged.fml.loading.FMLLoader.create(FMLLoader.java:415) [loader-11.0.13.jar:11.0]
	at net.neoforged.fml.startup.Entrypoint.startup(Entrypoint.java:65) [loader-11.0.13.jar:11.0]
	at net.neoforged.fml.startup.Client.main(Client.java:17) [loader-11.0.13.jar:11.0]
	at java.base/jdk.internal.reflect.DirectMethodHandleAccessor.invoke(DirectMethodHandleAccessor.java:104) ~[?:?]
	at java.base/java.lang.reflect.Method.invoke(Method.java:565) ~[?:?]
	at net.neoforged.devlaunch.Main.main(Main.java:57) [DevLaunch-1.0.2.jar:?]
[246月2026 16:14:11.881] [main/ERROR] [net.neoforged.fml.loading.modscan.BackgroundScanHandler/SCAN]: An error occurred scanning file composite(filtered(jar(C:/Users/Owner/.gradle/caches/modules-2/files-2.1/net.neoforged/neoforge/26.1.2.43-beta/6b8b2150f4db76b1ac1890aba0033359fd84abba/neoforge-26.1.2.43-beta-universal.jar))) > jar(C:/Users/Owner/.gradle/caches/modules-2/files-2.1/net.neoforged/neoforge/26.1.2.43-beta/6b8b2150f4db76b1ac1890aba0033359fd84abba/neoforge-26.1.2.43-beta-universal.jar > mixinextras-neoforge-0.5.4.jar)
java.util.concurrent.CancellationException
	at java.base/java.util.concurrent.CompletableFuture.cancel(CompletableFuture.java:2552) ~[?:?]
	at net.neoforged.fml.loading.moddiscovery.ModFile.close(ModFile.java:246) ~[loader-11.0.13.jar:11.0]
	at net.neoforged.fml.loading.FMLLoader.close(FMLLoader.java:245) [loader-11.0.13.jar:11.0]
	at net.neoforged.fml.loading.FMLLoader.create(FMLLoader.java:415) [loader-11.0.13.jar:11.0]
	at net.neoforged.fml.startup.Entrypoint.startup(Entrypoint.java:65) [loader-11.0.13.jar:11.0]
	at net.neoforged.fml.startup.Client.main(Client.java:17) [loader-11.0.13.jar:11.0]
	at java.base/jdk.internal.reflect.DirectMethodHandleAccessor.invoke(DirectMethodHandleAccessor.java:104) ~[?:?]
	at java.base/java.lang.reflect.Method.invoke(Method.java:565) ~[?:?]
	at net.neoforged.devlaunch.Main.main(Main.java:57) [DevLaunch-1.0.2.jar:?]
[246月2026 16:14:11.885] [main/INFO] [net.neoforged.fml.ModLoader/]: Clearing ModLoader
[246月2026 16:14:11.886] [main/ERROR] [net.neoforged.fml.startup.Entrypoint/]: Failed to start FML: net.neoforged.fml.ModLoadingException: Loading errors encountered:
	- File J:/minecraft orgenal mod with GPT/the_end_of_dragon_old/neoforge/build/classes/java/main is not a valid mod file

	at net.neoforged.fml.loading.FMLLoader.create(FMLLoader.java:356)
	at net.neoforged.fml.startup.Entrypoint.startup(Entrypoint.java:65)
	at net.neoforged.fml.startup.Client.main(Client.java:17)
	at java.base/jdk.internal.reflect.DirectMethodHandleAccessor.invoke(DirectMethodHandleAccessor.java:104)
	at java.base/java.lang.reflect.Method.invoke(Method.java:565)
	at net.neoforged.devlaunch.Main.main(Main.java:57)

