[08:14:11] [main/WARN] (FabricLoader/Knot) Class path entries reference missing files: J:\minecraft orgenal mod with GPT\the_end_of_dragon\fabric\build\resources\client - the game may not load properly!
[08:14:11] [main/INFO] (FabricLoader/GameProvider) Loading Minecraft 26.1.2 with Fabric Loader 0.18.6
[08:14:11] [main/INFO] (FabricLoader/Mappings) Mappings not present!
[08:14:12] [main/INFO] (FabricLoader) Loading 51 mods:
	- fabric-api 0.145.4+26.1.2
	- fabric-api-base 2.0.3+ece0632339
	- fabric-api-lookup-api-v1 2.0.10+d5a053b639
	- fabric-biome-api-v1 18.0.4+35c80edc39
	- fabric-block-api-v1 3.0.2+ec56b60139
	- fabric-block-getter-api-v2 2.0.6+ec56b60139
	- fabric-client-gametest-api-v1 5.0.14+9c21967139
	- fabric-command-api-v2 3.0.5+e2bdee7839
	- fabric-content-registries-v0 11.0.12+d871b99e39
	- fabric-convention-tags-v2 4.3.2+c37e6e5f39
	- fabric-crash-report-info-v1 1.0.3+9f78a5a839
	- fabric-creative-tab-api-v1 5.0.10+d871b99e39
	- fabric-data-attachment-api-v1 2.2.3+d602a89639
	- fabric-data-generation-api-v1 24.0.17+35c80edc39
	- fabric-debug-api-v1 1.0.1+c792624d39
	- fabric-dimensions-v1 5.1.4+9cbf5da539
	- fabric-entity-events-v1 5.0.2+e2bdee7839
	- fabric-events-interaction-v0 5.1.10+c82f046139
	- fabric-game-rule-api-v1 4.0.5+d871b99e39
	- fabric-gametest-api-v1 4.0.13+00a1fba639
	- fabric-item-api-v1 14.1.0+9833182c39
	- fabric-key-mapping-api-v1 2.0.4+e2bdee7839
	- fabric-lifecycle-events-v1 4.0.6+a9b9c17639
	- fabric-loot-api-v3 3.0.11+00a1fba639
	- fabric-menu-api-v1 2.0.12+d871b99e39
	- fabric-message-api-v1 7.0.5+dae8ce3e39
	- fabric-model-loading-api-v1 8.0.3+c80601bb39
	- fabric-networking-api-v1 6.3.0+50a808ce39
	- fabric-object-builder-api-v1 23.0.13+b61fef4339
	- fabric-particles-v1 5.0.14+b61fef4339
	- fabric-recipe-api-v1 9.0.13+be4b75ae39
	- fabric-registry-sync-v0 7.0.12+b61fef4339
	- fabric-renderer-api-v1 13.0.0+c80601bb39
	- fabric-renderer-indigo 8.0.2+a6be36ef39
	- fabric-rendering-fluids-v1 6.0.1+d871b99e39
	- fabric-rendering-v1 23.0.4+c7e428fd39
	- fabric-resource-conditions-api-v1 6.0.5+00a1fba639
	- fabric-resource-loader-v0 3.3.16+4fc5413f39
	- fabric-resource-loader-v1 2.0.9+d871b99e39
	- fabric-screen-api-v1 5.0.1+d871b99e39
	- fabric-serialization-api-v1 2.0.3+11a26f3139
	- fabric-sound-api-v1 2.0.4+11a26f3139
	- fabric-tag-api-v1 2.0.9+11a26f3139
	- fabric-transfer-api-v1 8.0.2+d871b99e39
	- fabric-transitive-access-wideners-v1 8.0.11+d871b99e39
	- fabricloader 0.18.6
	- geckolib 5.5
	- java 25
	- minecraft 26.1.2
	- mixinextras 0.5.3
	- the_end_of_dragon 1.0.0
[08:14:12] [main/WARN] (FabricLoader/ModRemap) Runtime mod remapping disabled due to no fabric.remapClasspathFile being specified. You may need to update loom.
[08:14:12] [main/INFO] (FabricLoader/Mixin) SpongePowered MIXIN Subsystem Version=0.8.7 Source=file:/C:/Users/Owner/.gradle/caches/modules-2/files-2.1/net.fabricmc/sponge-mixin/0.17.0+mixin.0.8.7/cf31463202f72d03b0ef1e1e38e8ee71b7faaab6/sponge-mixin-0.17.0+mixin.0.8.7.jar Service=Knot/Fabric Env=CLIENT
[08:14:12] [main/INFO] (FabricLoader/Mixin) Compatibility level set to JAVA_25
[08:14:12] [main/INFO] (FabricLoader/MixinExtras|Service) Initializing MixinExtras via com.llamalad7.mixinextras.service.MixinExtrasServiceImpl(version=0.5.3).
[08:14:13] [Datafixer Bootstrap/INFO] (Minecraft) 291 Datafixer optimizations took 191 milliseconds
[08:14:16] [Render thread/INFO] (Minecraft) Environment: Environment[sessionHost=https://sessionserver.mojang.com, servicesHost=https://api.minecraftservices.com, profilesHost=https://api.mojang.com, name=PROD]
[08:14:16] [Render thread/INFO] (Minecraft) Setting user: Player620
[08:14:16] [Render thread/INFO] (Indigo) [Indigo] Registering Indigo renderer!
[08:14:16] [Download-2/ERROR] (Minecraft) Failed to fetch user properties
com.mojang.authlib.exceptions.InvalidCredentialsException: Status: 401
	at knot//com.mojang.authlib.exceptions.MinecraftClientHttpException.toAuthenticationException(MinecraftClientHttpException.java:59)
	at knot//com.mojang.authlib.yggdrasil.YggdrasilUserApiService.fetchProperties(YggdrasilUserApiService.java:150)
	at knot//net.minecraft.client.Minecraft.lambda$new$1(Minecraft.java:459)
	at java.base/java.util.concurrent.CompletableFuture$AsyncSupply.run$$$capture(CompletableFuture.java:1789)
	at java.base/java.util.concurrent.CompletableFuture$AsyncSupply.run(CompletableFuture.java)
	at java.base/java.util.concurrent.ThreadPoolExecutor.runWorker(ThreadPoolExecutor.java:1090)
	at java.base/java.util.concurrent.ThreadPoolExecutor$Worker.run(ThreadPoolExecutor.java:614)
	at java.base/java.lang.Thread.run(Thread.java:1474)
Caused by: com.mojang.authlib.exceptions.MinecraftClientHttpException: Status: 401
	at knot//com.mojang.authlib.minecraft.client.MinecraftClient.readInputStream(MinecraftClient.java:103)
	at knot//com.mojang.authlib.minecraft.client.MinecraftClient.get(MinecraftClient.java:56)
	at knot//com.mojang.authlib.yggdrasil.YggdrasilUserApiService.fetchProperties(YggdrasilUserApiService.java:121)
	... 6 more
[08:14:16] [Render thread/INFO] (Minecraft) Backend library: LWJGL version 3.4.1-snapshot
[08:14:17] [Render thread/INFO] (Minecraft) Using optional rendering extensions: GL_ARB_buffer_storage, GL_KHR_debug, GL_ARB_vertex_attrib_binding, GL_ARB_direct_state_access, GL_EXT_texture_filter_anisotropic
[08:14:17] [Render thread/INFO] (Minecraft) Reloading ResourceManager: vanilla, fabric-api, fabric-api-base, fabric-api-lookup-api-v1, fabric-biome-api-v1, fabric-block-api-v1, fabric-block-getter-api-v2, fabric-client-gametest-api-v1, fabric-command-api-v2, fabric-content-registries-v0, fabric-convention-tags-v2, fabric-crash-report-info-v1, fabric-creative-tab-api-v1, fabric-data-attachment-api-v1, fabric-data-generation-api-v1, fabric-debug-api-v1, fabric-dimensions-v1, fabric-entity-events-v1, fabric-events-interaction-v0, fabric-game-rule-api-v1, fabric-gametest-api-v1, fabric-item-api-v1, fabric-key-mapping-api-v1, fabric-lifecycle-events-v1, fabric-loot-api-v3, fabric-menu-api-v1, fabric-message-api-v1, fabric-model-loading-api-v1, fabric-networking-api-v1, fabric-object-builder-api-v1, fabric-particles-v1, fabric-recipe-api-v1, fabric-registry-sync-v0, fabric-renderer-api-v1, fabric-renderer-indigo, fabric-rendering-fluids-v1, fabric-rendering-v1, fabric-resource-conditions-api-v1, fabric-resource-loader-v0, fabric-resource-loader-v1, fabric-screen-api-v1, fabric-serialization-api-v1, fabric-sound-api-v1, fabric-tag-api-v1, fabric-transfer-api-v1, fabric-transitive-access-wideners-v1, fabricloader, the_end_of_dragon
[08:14:17] [Worker-Main-17/INFO] (Minecraft) Found unifont_pua-17.0.01.hex, loading
[08:14:17] [Worker-Main-20/INFO] (Minecraft) Found unifont_all_no_pua-17.0.01.hex, loading
[08:14:17] [Worker-Main-23/INFO] (Minecraft) Found unifont_jp_patch-17.0.01.hex, loading
[08:14:17] [Download-1/INFO] (Minecraft) Could not authorize you against Realms server: java.lang.RuntimeException: Failed to parse into SignedJWT: FabricMC
[08:14:17] [Download-1/ERROR] (Minecraft) Failed to fetch Realms feature flags
com.mojang.realmsclient.exception.RealmsServiceException: Realms authentication error with message 'java.lang.RuntimeException: Failed to parse into SignedJWT: FabricMC'
	at knot//com.mojang.realmsclient.client.RealmsClient.execute(RealmsClient.java:526)
	at knot//com.mojang.realmsclient.client.RealmsClient.fetchFeatureFlags(RealmsClient.java:186)
	at java.base/java.util.concurrent.CompletableFuture$AsyncSupply.run$$$capture(CompletableFuture.java:1789)
	at java.base/java.util.concurrent.CompletableFuture$AsyncSupply.run(CompletableFuture.java)
	at java.base/java.util.concurrent.ThreadPoolExecutor.runWorker(ThreadPoolExecutor.java:1090)
	at java.base/java.util.concurrent.ThreadPoolExecutor$Worker.run(ThreadPoolExecutor.java:614)
	at java.base/java.lang.Thread.run(Thread.java:1474)
[08:14:18] [Render thread/INFO] (Minecraft) OpenAL initialized on device OpenAL Soft on スピーカー (USB PnP Audio Device)
[08:14:18] [Render thread/INFO] (Minecraft) Sound engine started
[08:14:18] [Render thread/INFO] (Minecraft) Created: 512x256x0 minecraft:textures/atlas/particles.png-atlas
[08:14:18] [Render thread/INFO] (Minecraft) Created: 128x128x0 minecraft:textures/atlas/decorated_pot.png-atlas
[08:14:18] [Render thread/INFO] (Minecraft) Created: 2048x1024x0 minecraft:textures/atlas/armor_trims.png-atlas
[08:14:18] [Render thread/INFO] (Minecraft) Created: 512x256x0 minecraft:textures/atlas/paintings.png-atlas
[08:14:18] [Render thread/INFO] (Minecraft) Created: 1024x512x0 minecraft:textures/atlas/shield_patterns.png-atlas
[08:14:18] [Render thread/INFO] (Minecraft) Created: 2048x2048x4 minecraft:textures/atlas/blocks.png-atlas
[08:14:18] [Render thread/INFO] (Minecraft) Created: 512x512x0 minecraft:textures/atlas/chest.png-atlas
[08:14:18] [Render thread/INFO] (Minecraft) Created: 256x128x0 minecraft:textures/atlas/celestials.png-atlas
[08:14:18] [Render thread/INFO] (Minecraft) Created: 1024x512x0 minecraft:textures/atlas/banner_patterns.png-atlas
[08:14:18] [Render thread/INFO] (Minecraft) Created: 512x512x0 minecraft:textures/atlas/beds.png-atlas
[08:14:18] [Render thread/INFO] (Minecraft) Created: 1024x512x0 minecraft:textures/atlas/items.png-atlas
[08:14:18] [Render thread/INFO] (Minecraft) Created: 1024x1024x0 minecraft:textures/atlas/gui.png-atlas
[08:14:18] [Render thread/INFO] (Minecraft) Created: 128x64x0 minecraft:textures/atlas/map_decorations.png-atlas
[08:14:18] [Render thread/INFO] (Minecraft) Created: 512x256x0 minecraft:textures/atlas/signs.png-atlas
[08:14:18] [Render thread/INFO] (Minecraft) Created: 512x512x0 minecraft:textures/atlas/shulker_boxes.png-atlas
[08:14:18] [Render thread/INFO] (GeckoLib) Loaded 7 models and 6 animations from resources
[08:14:18] [IO-Worker-1/INFO] (Minecraft) Could not authorize you against Realms server: java.lang.RuntimeException: Failed to parse into SignedJWT: FabricMC
[08:14:18] [IO-Worker-1/ERROR] (Minecraft) Couldn't connect to realms
com.mojang.realmsclient.exception.RealmsServiceException: Realms authentication error with message 'java.lang.RuntimeException: Failed to parse into SignedJWT: FabricMC'
	at knot//com.mojang.realmsclient.client.RealmsClient.execute(RealmsClient.java:526)
	at knot//com.mojang.realmsclient.client.RealmsClient.clientCompatible(RealmsClient.java:307)
	at knot//com.mojang.realmsclient.RealmsAvailability.lambda$check$0(RealmsAvailability.java:48)
	at java.base/java.util.concurrent.CompletableFuture$AsyncSupply.run$$$capture(CompletableFuture.java:1789)
	at java.base/java.util.concurrent.CompletableFuture$AsyncSupply.run(CompletableFuture.java)
	at java.base/java.util.concurrent.ThreadPoolExecutor.runWorker(ThreadPoolExecutor.java:1090)
	at java.base/java.util.concurrent.ThreadPoolExecutor$Worker.run(ThreadPoolExecutor.java:614)
	at java.base/java.lang.Thread.run(Thread.java:1474)
[08:15:15] [Render thread/INFO] (Minecraft) Loaded 1515 recipes
[08:15:15] [Render thread/INFO] (Minecraft) Loaded 1617 advancements
[08:15:15] [Render thread/INFO] (BiomeModificationImpl) Applied 0 biome modifications to 0 of 65 new biomes in 677.3 μs
[08:15:15] [Server thread/INFO] (Minecraft) Starting integrated minecraft server version 26.1.2
[08:15:15] [Server thread/INFO] (Minecraft) Generating keypair
[08:15:15] [Server thread/INFO] (Minecraft) Loading 0 persistent chunks...
[08:15:15] [Server thread/INFO] (Minecraft) Saving chunks for level 'ServerLevel[新規ワールド]'/minecraft:overworld
[08:15:15] [Server thread/INFO] (Minecraft) Saving chunks for level 'ServerLevel[新規ワールド]'/minecraft:the_end
[08:15:15] [Server thread/INFO] (Minecraft) Saving chunks for level 'ServerLevel[新規ワールド]'/minecraft:the_nether
[08:15:15] [Server thread/INFO] (Minecraft) ThreadedAnvilChunkStorage (world): All chunks are saved
[08:15:15] [Server thread/INFO] (Minecraft) ThreadedAnvilChunkStorage (DIM1): All chunks are saved
[08:15:15] [Server thread/INFO] (Minecraft) ThreadedAnvilChunkStorage (DIM-1): All chunks are saved
[08:15:15] [Server thread/INFO] (Minecraft) ThreadedAnvilChunkStorage: All dimensions are saved
[08:15:16] [Server thread/INFO] (Minecraft) Loading 49 chunks for player spawn...
[08:15:16] [Server thread/INFO] (Minecraft) スポーン地点を準備中：16%
[08:15:16] [Server thread/INFO] (Minecraft) スポーン地点を準備中：16%
[08:15:16] [Server thread/INFO] (Minecraft) Time elapsed: 731 ms
[08:15:16] [Server thread/INFO] (Minecraft) Player620[local:E:4196dc7a] logged in with entity id 82 at (6.072870902556279, -36.87234730666669, -14.462067057387003)
[08:15:16] [Server thread/INFO] (Minecraft) Player620がゲームに参加しました
[08:15:16] [Server thread/INFO] (Minecraft) Changing view distance to 16, from 10
[08:15:16] [Server thread/INFO] (Minecraft) Changing simulation distance to 12, from 0
[08:15:16] [Render thread/INFO] (Minecraft) Loaded 7 advancements
[08:15:16] [Server thread/INFO] (Minecraft) [STDOUT]: [TED LOCATOR] bones=47 locators=45 animations=16
[08:15:16] [Server thread/INFO] (Minecraft) [STDOUT]: [TED COLLISION] state=IDLE animationName=animation.model.idle animationFound=true cubes=19 animations=16
[08:15:16] [Server thread/INFO] (Minecraft) [STDOUT]: [TED COLLISION] state=IDLE animationName=animation.model.idle animationFound=true cubes=19 animations=16
[08:15:16] [Server thread/INFO] (Minecraft) [STDOUT]: [TED COLLISION] state=IDLE animationName=animation.model.idle animationFound=true cubes=19 animations=16
[08:15:16] [Server thread/INFO] (Minecraft) [STDOUT]: [TED COLLISION] state=IDLE animationName=animation.model.idle animationFound=true cubes=19 animations=16
[08:15:16] [Render thread/INFO] (Minecraft) Resizing Dynamic Transforms UBO, capacity limit of 2 reached during a single frame. New capacity will be 4.
[08:15:16] [Render thread/INFO] (Minecraft) Resizing Dynamic Transforms UBO, capacity limit of 4 reached during a single frame. New capacity will be 8.
[08:15:16] [Render thread/INFO] (Minecraft) Resizing Chunk Sections UBO, capacity limit of 2 reached during a single frame. New capacity will be 4.
[08:15:16] [Render thread/INFO] (Minecraft) Resizing Chunk Sections UBO, capacity limit of 4 reached during a single frame. New capacity will be 8.
[08:15:16] [Render thread/INFO] (Minecraft) Resizing Chunk Sections UBO, capacity limit of 8 reached during a single frame. New capacity will be 16.
[08:15:16] [Render thread/INFO] (Minecraft) Resizing Chunk Sections UBO, capacity limit of 16 reached during a single frame. New capacity will be 32.
[08:15:17] [Render thread/INFO] (Minecraft) Resizing Chunk Sections UBO, capacity limit of 32 reached during a single frame. New capacity will be 64.
[08:15:17] [Render thread/INFO] (Minecraft) Resizing Dynamic Transforms UBO, capacity limit of 8 reached during a single frame. New capacity will be 16.
[08:15:17] [Render thread/INFO] (Minecraft) Resizing Chunk Sections UBO, capacity limit of 64 reached during a single frame. New capacity will be 128.
[08:15:17] [Server thread/INFO] (Minecraft) [STDOUT]: [TED LOCATOR DEBUG] front_left_jet_locator world=(1.9536025524139404, -41.8125, -5.727968752384186)
[08:15:17] [Render thread/INFO] (Minecraft) Resizing Chunk Sections UBO, capacity limit of 128 reached during a single frame. New capacity will be 256.
[08:15:18] [Render thread/INFO] (Minecraft) Resizing Chunk Sections UBO, capacity limit of 256 reached during a single frame. New capacity will be 512.
[08:15:18] [Server thread/INFO] (Minecraft) [STDOUT]: [TED LOCATOR DEBUG] front_left_jet_locator world=(1.9536025524139404, -41.8125, -5.727968752384186)
[08:15:18] [Server thread/INFO] (Minecraft) [STDOUT]: [TED COLLISION] state=IDLE animationName=animation.model.idle animationFound=true cubes=19 animations=16
[08:15:18] [Server thread/INFO] (Minecraft) [STDOUT]: [TED COLLISION] state=IDLE animationName=animation.model.idle animationFound=true cubes=19 animations=16
[08:15:18] [Server thread/INFO] (Minecraft) [STDOUT]: [TED COLLISION] state=IDLE animationName=animation.model.idle animationFound=true cubes=19 animations=16
[08:15:18] [Server thread/INFO] (Minecraft) [STDOUT]: [TED COLLISION] state=IDLE animationName=animation.model.idle animationFound=true cubes=19 animations=16
[08:15:18] [Server thread/INFO] (Minecraft) [STDOUT]: [TED COLLISION] state=IDLE animationName=animation.model.idle animationFound=true cubes=19 animations=16
[08:15:18] [Server thread/INFO] (Minecraft) [STDOUT]: [TED COLLISION] state=IDLE animationName=animation.model.idle animationFound=true cubes=19 animations=16
[08:15:18] [Server thread/INFO] (Minecraft) [STDOUT]: [TED COLLISION] state=IDLE animationName=animation.model.idle animationFound=true cubes=19 animations=16
[08:15:19] [Server thread/INFO] (Minecraft) [STDOUT]: [TED LOCATOR DEBUG] front_left_jet_locator world=(1.9536025524139404, -41.8125, -5.727968752384186)
[08:15:20] [Server thread/INFO] (Minecraft) [STDOUT]: [TED LOCATOR DEBUG] front_left_jet_locator world=(1.9536025524139404, -41.8125, -5.727968752384186)
[08:15:20] [Server thread/INFO] (Minecraft) [STDOUT]: [TED COLLISION] state=IDLE animationName=animation.model.idle animationFound=true cubes=19 animations=16
[08:15:20] [Server thread/INFO] (Minecraft) [STDOUT]: [TED COLLISION] state=IDLE animationName=animation.model.idle animationFound=true cubes=19 animations=16
[08:15:20] [Server thread/INFO] (Minecraft) [STDOUT]: [TED COLLISION] state=IDLE animationName=animation.model.idle animationFound=true cubes=19 animations=16
[08:15:20] [Server thread/INFO] (Minecraft) [STDOUT]: [TED COLLISION] state=IDLE animationName=animation.model.idle animationFound=true cubes=19 animations=16
[08:15:20] [Server thread/INFO] (Minecraft) [STDOUT]: [TED COLLISION] state=IDLE animationName=animation.model.idle animationFound=true cubes=19 animations=16
[08:15:20] [Server thread/INFO] (Minecraft) [STDOUT]: [TED COLLISION] state=IDLE animationName=animation.model.idle animationFound=true cubes=19 animations=16
[08:15:20] [Server thread/INFO] (Minecraft) [STDOUT]: [TED COLLISION] state=IDLE animationName=animation.model.idle animationFound=true cubes=19 animations=16
[08:15:21] [Server thread/INFO] (Minecraft) [STDOUT]: [TED LOCATOR DEBUG] front_left_jet_locator world=(1.9536025524139404, -41.8125, -5.727968752384186)
[08:15:22] [Server thread/INFO] (Minecraft) [STDOUT]: [TED LOCATOR DEBUG] front_left_jet_locator world=(1.9536025524139404, -41.8125, -5.727968752384186)
[08:15:22] [Server thread/INFO] (Minecraft) [STDOUT]: [TED COLLISION] state=IDLE animationName=animation.model.idle animationFound=true cubes=19 animations=16
[08:15:22] [Server thread/INFO] (Minecraft) [STDOUT]: [TED COLLISION] state=IDLE animationName=animation.model.idle animationFound=true cubes=19 animations=16
[08:15:22] [Server thread/INFO] (Minecraft) [STDOUT]: [TED COLLISION] state=IDLE animationName=animation.model.idle animationFound=true cubes=19 animations=16
[08:15:22] [Server thread/INFO] (Minecraft) [STDOUT]: [TED COLLISION] state=IDLE animationName=animation.model.idle animationFound=true cubes=19 animations=16
[08:15:22] [Server thread/INFO] (Minecraft) [STDOUT]: [TED COLLISION] state=IDLE animationName=animation.model.idle animationFound=true cubes=19 animations=16
[08:15:22] [Server thread/INFO] (Minecraft) [STDOUT]: [TED COLLISION] state=IDLE animationName=animation.model.idle animationFound=true cubes=19 animations=16
[08:15:22] [Server thread/INFO] (Minecraft) [STDOUT]: [TED COLLISION] state=IDLE animationName=animation.model.idle animationFound=true cubes=19 animations=16
[08:15:23] [Server thread/INFO] (Minecraft) [STDOUT]: [TED LOCATOR DEBUG] front_left_jet_locator world=(1.9536025524139404, -41.8125, -5.727968752384186)
[08:15:24] [Server thread/INFO] (Minecraft) [STDOUT]: [TED LOCATOR DEBUG] front_left_jet_locator world=(1.9536025524139404, -41.8125, -5.727968752384186)
[08:15:24] [Server thread/INFO] (Minecraft) [STDOUT]: [TED COLLISION] state=IDLE animationName=animation.model.idle animationFound=true cubes=19 animations=16
[08:15:24] [Server thread/INFO] (Minecraft) [STDOUT]: [TED COLLISION] state=IDLE animationName=animation.model.idle animationFound=true cubes=19 animations=16
[08:15:24] [Server thread/INFO] (Minecraft) [STDOUT]: [TED COLLISION] state=IDLE animationName=animation.model.idle animationFound=true cubes=19 animations=16
[08:15:24] [Server thread/INFO] (Minecraft) [STDOUT]: [TED COLLISION] state=IDLE animationName=animation.model.idle animationFound=true cubes=19 animations=16
[08:15:24] [Server thread/INFO] (Minecraft) [STDOUT]: [TED COLLISION] state=IDLE animationName=animation.model.idle animationFound=true cubes=19 animations=16
[08:15:24] [Server thread/INFO] (Minecraft) [STDOUT]: [TED COLLISION] state=IDLE animationName=animation.model.idle animationFound=true cubes=19 animations=16
[08:15:24] [Server thread/INFO] (Minecraft) [STDOUT]: [TED COLLISION] state=IDLE animationName=animation.model.idle animationFound=true cubes=19 animations=16
[08:15:24] [Server thread/INFO] (Minecraft) Saving and pausing game...
[08:15:24] [Server thread/INFO] (Minecraft) Saving chunks for level 'ServerLevel[新規ワールド]'/minecraft:overworld
[08:15:24] [Server thread/INFO] (Minecraft) Saving chunks for level 'ServerLevel[新規ワールド]'/minecraft:the_end
[08:15:24] [Server thread/INFO] (Minecraft) Saving chunks for level 'ServerLevel[新規ワールド]'/minecraft:the_nether
[08:15:25] [Server thread/INFO] (Minecraft) Stopping server
[08:15:25] [Server thread/INFO] (Minecraft) Saving players
[08:15:25] [Server thread/INFO] (Minecraft) Player620 lost connection: 切断されました
[08:15:25] [Server thread/INFO] (Minecraft) Player620がゲームを退出しました
[08:15:25] [Server thread/INFO] (Minecraft) Stopping singleplayer server as player logged out
[08:15:25] [Server thread/INFO] (Minecraft) Saving worlds
[08:15:25] [Server thread/INFO] (Minecraft) Saving chunks for level 'ServerLevel[新規ワールド]'/minecraft:overworld
[08:15:25] [Server thread/INFO] (Minecraft) Saving chunks for level 'ServerLevel[新規ワールド]'/minecraft:the_end
[08:15:25] [Server thread/INFO] (Minecraft) Saving chunks for level 'ServerLevel[新規ワールド]'/minecraft:the_nether
[08:15:26] [Server thread/INFO] (Minecraft) ThreadedAnvilChunkStorage (world): All chunks are saved
[08:15:26] [Server thread/INFO] (Minecraft) ThreadedAnvilChunkStorage (DIM1): All chunks are saved
[08:15:26] [Server thread/INFO] (Minecraft) ThreadedAnvilChunkStorage (DIM-1): All chunks are saved
[08:15:26] [Server thread/INFO] (Minecraft) ThreadedAnvilChunkStorage: All dimensions are saved
[08:15:26] [Render thread/INFO] (Minecraft) Stopping!
