#
# A fatal error has been detected by the Java Runtime Environment:
#
#  EXCEPTION_ACCESS_VIOLATION (0xc0000005) at pc=0x00007ff812fc422f, pid=74904, tid=44388
#
# JRE version: Java(TM) SE Runtime Environment (25.0.3+9) (build 25.0.3+9-LTS-195)
# Java VM: Java HotSpot(TM) 64-Bit Server VM (25.0.3+9-LTS-195, mixed mode, sharing, tiered, compressed oops, compressed class ptrs, g1 gc, windows-amd64)
# Problematic frame:
# V  [jvm.dll+0x20422f]
#
# No core dump will be written. Minidumps are not enabled by default on client versions of Windows
#
# If you would like to submit a bug report, please visit:
#   https://bugreport.java.com/bugreport/crash.jsp
#

---------------  S U M M A R Y ------------

Command Line: -Ddebugger.agent.enable.coroutines=true -Ddebugger.async.stack.trace.for.all.threads=true -Dfabric.dli.config=J:\minecraft@@0020orgenal@@0020mod@@0020with@@0020GPT\the_end_of_dragon\fabric\.gradle\loom-cache\launch.cfg -Dfabric.dli.env=client -Dfabric.dli.main=net.fabricmc.loader.impl.launch.knot.KnotClient -Dkotlinx.coroutines.debug.enable.creation.stack.trace=false -Dkotlinx.coroutines.debug.enable.flows.stack.trace=true -Dkotlinx.coroutines.debug.enable.mutable.state.flows.stack.trace=true --sun-misc-unsafe-memory-access=allow --enable-native-access=ALL-UNNAMED -agentlib:jdwp=transport=dt_socket,server=n,suspend=y,address=127.0.0.1:50922 -javaagent:C:\Users\Owner\AppData\Local\JetBrains\IntelliJIdea2026.1\captureAgent\debugger-agent.jar=file:///C:/Users/Owner/AppData/Local/Temp/capture4267192982392649824.props -Dfile.encoding=UTF-8 -Duser.country=JP -Duser.language=ja -Duser.variant net.fabricmc.devlaunchinjector.Main

Host: Intel(R) Core(TM) i7-14700K, 28 cores, 63G,  Windows 11 , 64 bit Build 26100 (10.0.26100.8521)
Time: Sat Jun 27 07:34:19 2026 elapsed time: 3.855712 seconds (0d 0h 0m 3s)

---------------  T H R E A D  ---------------

Current thread (0x00000213eae34250):  JavaThread "C1 CompilerThread3" daemon [_thread_in_native, id=44388, stack(0x00000034a0c00000,0x00000034a0d00000) (1024K)]


Current CompileTask:
C1:3855 6522       3       java.lang.System$1::join (11 bytes)

Stack: [0x00000034a0c00000,0x00000034a0d00000],  sp=0x00000034a0cfe6d0,  free space=1017k
Native frames: (J=compiled Java code, j=interpreted, Vv=VM code, C=native code)
V  [jvm.dll+0x20422f]  (no source info available)
V  [jvm.dll+0x20307e]  (no source info available)
V  [jvm.dll+0x1bed97]  (no source info available)
V  [jvm.dll+0x1be55f]  (no source info available)
V  [jvm.dll+0x1be81e]  (no source info available)
V  [jvm.dll+0x1bdb61]  (no source info available)
V  [jvm.dll+0x1bf9dd]  (no source info available)
V  [jvm.dll+0x2cfe26]  (no source info available)
V  [jvm.dll+0x2ce0a5]  (no source info available)
V  [jvm.dll+0x48ee81]  (no source info available)
V  [jvm.dll+0x907c6d]  (no source info available)
V  [jvm.dll+0x7a6345]  (no source info available)
C  [ucrtbase.dll+0x2cd30]  (no source info available)
C  [KERNEL32.DLL+0x2e957]  (no source info available)
C  [ntdll.dll+0x87c1c]  (no source info available)


siginfo: EXCEPTION_ACCESS_VIOLATION (0xc0000005), writing address 0x0000021313861c50


Registers:
RAX=0x00000213ee12b250, RBX=0x000000000000003f, RCX=0x0000021313861c30, RDX=0x0000000000000542
RSP=0x00000034a0cfe6d0, RBP=0x0000000000000014, RSI=0x00000213ee12a848, RDI=0x00000213ea095c60
R8 =0x0000000000000001, R9 =0x00000213ecf8f580, R10=0x0000000000001510, R11=0x00000000000002a1
R12=0x00000034a0cfebf0, R13=0x00000034a0cff190, R14=0x0000000000000300, R15=0x0000000000000045
RIP=0x00007ff812fc422f, EFLAGS=0x0000000000010202

XMM[0]=0x00000213ea097560 0x0000030000000300
XMM[1]=0x0000000000000000 0x0000000000000000
XMM[2]=0x0000000000000000 0x3fc999999999999a
XMM[3]=0x0000000000000000 0x0000000000000000
XMM[4]=0x0000000000000000 0x0000000000000000
XMM[5]=0x0000000000000000 0x0000000000000000
XMM[6]=0x0000000000000000 0x0000000000000000
XMM[7]=0x0000000000000000 0x0000000000000000
XMM[8]=0x0000000000000000 0x0000000000000000
XMM[9]=0x0000000000000000 0x0000000000000000
XMM[10]=0x0000000000000000 0x0000000000000000
XMM[11]=0x0000000000000000 0x0000000000000000
XMM[12]=0x0000000000000000 0x0000000000000000
XMM[13]=0x0000000000000000 0x0000000000000000
XMM[14]=0x0000000000000000 0x0000000000000000
XMM[15]=0x0000000000000000 0x0000000000000000
  MXCSR=0x00001fa0


Register to memory mapping:

RAX=0x00000213ee12b250 points into unknown readable memory: 0x0000021313861c30 | 30 1c 86 13 13 02 00 00
RBX=0x000000000000003f is an unknown value
RCX=0x0000021313861c30 is an unknown value
RDX=0x0000000000000542 is an unknown value
RSP=0x00000034a0cfe6d0 is pointing into the stack for thread: 0x00000213eae34250
RBP=0x0000000000000014 is an unknown value
RSI=0x00000213ee12a848 points into unknown readable memory: 0x0000002000000014 | 14 00 00 00 20 00 00 00
RDI=0x00000213ea095c60 points into unknown readable memory: 0x00000034a0cfebd0 | d0 eb cf a0 34 00 00 00
R8 =0x0000000000000001 is an unknown value
R9 =0x00000213ecf8f580 points into unknown readable memory: 0x00007ff81386d9e0 | e0 d9 86 13 f8 7f 00 00
R10=0x0000000000001510 is an unknown value
R11=0x00000000000002a1 is an unknown value
R12=0x00000034a0cfebf0 is pointing into the stack for thread: 0x00000213eae34250
R13=0x00000034a0cff190 is pointing into the stack for thread: 0x00000213eae34250
R14=0x0000000000000300 is an unknown value
R15=0x0000000000000045 is an unknown value

Top of Stack: (sp=0x00000034a0cfe6d0)
0x00000034a0cfe6d0:   0000000000000300 00007ff813aa47b0   .........G......
0x00000034a0cfe6e0:   ffffffffffffffff 0000000000000000   ................
0x00000034a0cfe6f0:   0000030000000300 00000213ea097560   ........`u......
0x00000034a0cfe700:   0000000000000000 00000034a0cff190   ............4...
0x00000034a0cfe710:   0000000000000000 00007ff813aa47b0   .........G......
0x00000034a0cfe720:   00000213ea095c60 00007ff812fc307e   `\......~0......
0x00000034a0cfe730:   00000034a0cfe890 00007ff813aa47b0   ....4....G......
0x00000034a0cfe740:   00000034a0cfebd0 00000213ef8d2da8   ....4....-......
0x00000034a0cfe750:   00000213ea095c60 00007ff812fbeb13   `\..............
0x00000034a0cfe760:   00000034a0cfebd0 0000000000000000   ....4...........
0x00000034a0cfe770:   00007ff813aa47b0 0000000000000044   .G......D.......
0x00000034a0cfe780:   0000000000000000 00007ff812f7ed97   ................
0x00000034a0cfe790:   00000034a0cfebd0 00007ff813aa47b0   ....4....G......
0x00000034a0cfe7a0:   00000213eb2a56f0 0000000000000000   .V*.............
0x00000034a0cfe7b0:   00000213ef8d5300 00007ff812f94457   .S......WD......
0x00000034a0cfe7c0:   00000213f2070000 0000000000000000   ................
0x00000034a0cfe7d0:   00000213ed867298 00000034a0cfeb00   .r..........4...
0x00000034a0cfe7e0:   00007ff813870980 00007ff813869a28   ........(.......
0x00000034a0cfe7f0:   0000000000000000 0000000000000000   ................
0x00000034a0cfe800:   0000020000000009 0000000000048270   ........p.......
0x00000034a0cfe810:   00007ff813869bf8 00007ff812f7e335   ........5.......
0x00000034a0cfe820:   00007ff813869d70 00000034a0cfebd0   p...........4...
0x00000034a0cfe830:   00000213eb2a56f0 0000000400000001   .V*.............
0x00000034a0cfe840:   00000213ee13eed0 0000000000000000   ................
0x00000034a0cfe850:   0000000200000000 00000213f207e628   ........(.......
0x00000034a0cfe860:   0000000000000000 0000040000000347   ........G.......
0x00000034a0cfe870:   00000213f1f65518 0000000000000000   .U..............
0x00000034a0cfe880:   0000000000000000 00007ff800000399   ................
0x00000034a0cfe890:   00000213f207ff90 0000000000000eb6   ................
0x00000034a0cfe8a0:   0000000000000003 00000213ea095558   ........XU......
0x00000034a0cfe8b0:   0000000200000000 00000213f207e648   ........H.......
0x00000034a0cfe8c0:   0000000000000000 0000000200000000   ................

Instructions: (pc=0x00007ff812fc422f)
  0x00007ff812fc412f:   62 23 00 44 89 74 24 20 44 89 74 24 24 48 89 44
  0x00007ff812fc413f:   24 28 49 63 de 45 85 f6 7e 11 4c 8b c3 33 d2 49
  0x00007ff812fc414f:   c1 e0 03 48 8b c8 e8 38 58 7e 00 0f 10 44 24 20
  0x00007ff812fc415f:   48 c7 44 24 30 00 00 00 00 ba 08 00 00 00 f2 0f
  0x00007ff812fc416f:   10 4c 24 30 41 8b ce 0f 11 87 80 00 00 00 f2 0f
  0x00007ff812fc417f:   11 8f 90 00 00 00 e8 86 62 23 00 44 89 74 24 20
  0x00007ff812fc418f:   44 89 74 24 24 48 89 44 24 28 45 85 f6 7e 11 48
  0x00007ff812fc419f:   c1 e3 03 33 d2 4c 8b c3 48 8b c8 e8 e3 57 7e 00
  0x00007ff812fc41af:   0f 10 44 24 20 48 c7 44 24 30 00 00 00 00 33 d2
  0x00007ff812fc41bf:   f2 0f 10 4c 24 30 0f 11 87 98 00 00 00 f2 0f 11
  0x00007ff812fc41cf:   8f a8 00 00 00 4d 85 ff 0f 8e 93 00 00 00 33 db
  0x00007ff812fc41df:   48 89 6c 24 60 45 33 db 48 89 74 24 68 0f 1f 40
  0x00007ff812fc41ef:   00 48 8b 47 28 45 33 c0 4c 8b 0c d8 49 8b b1 28
  0x00007ff812fc41ff:   01 00 00 41 89 91 80 01 00 00 48 63 2e 48 85 ed
  0x00007ff812fc420f:   7e 43 4e 8d 14 dd 00 00 00 00 0f 1f 80 00 00 00
  0x00007ff812fc421f:   00 48 8b 46 08 4d 8d 52 08 4a 8b 0c c0 49 ff c0
=>0x00007ff812fc422f:   89 51 20 83 c2 02 48 8b 87 88 00 00 00 49 89 4c
  0x00007ff812fc423f:   02 f8 48 8b 87 a0 00 00 00 4e 89 0c d8 49 ff c3
  0x00007ff812fc424f:   4c 3b c5 7c cc 48 ff c3 8d 42 fe 41 89 81 84 01
  0x00007ff812fc425f:   00 00 49 3b df 7c 8a 48 8b 74 24 68 48 8b 6c 24
  0x00007ff812fc426f:   60 49 63 de 48 8d 8f c0 00 00 00 48 8b d3 41 b0
  0x00007ff812fc427f:   01 e8 2b 4f fa ff 48 8d 8f b0 00 00 00 41 b0 01
  0x00007ff812fc428f:   48 8b d3 48 8b 5c 24 70 48 83 c4 40 41 5f 41 5e
  0x00007ff812fc429f:   5f e9 0b 4f fa ff cc cc cc cc cc cc cc cc cc cc
  0x00007ff812fc42af:   cc 48 89 5c 24 10 57 48 83 ec 20 48 8b 42 48 48
  0x00007ff812fc42bf:   8b da 48 89 01 48 8b f9 83 e0 07 3c 07 0f 85 c7
  0x00007ff812fc42cf:   00 00 00 44 8b 4a 3c 0f b6 42 04 41 83 f9 38 7c
  0x00007ff812fc42df:   1c 41 8d 51 c8 44 0f b6 c0 48 8d 4c 24 30 e8 3e
  0x00007ff812fc42ef:   38 00 00 48 8b 44 24 30 e9 96 00 00 00 83 c0 fa
  0x00007ff812fc42ff:   83 f8 0b 0f 87 9f 00 00 00 48 8d 15 f1 bc df ff
  0x00007ff812fc430f:   48 98 8b 8c 82 c4 43 20 00 48 03 ca ff e1 41 c1
  0x00007ff812fc431f:   e1 0d 49 63 c1 48 83 c8 1b eb 68 41 c1 e1 0d 49


Stack slot to memory mapping:

stack at sp + 0 slots: 0x0000000000000300 is an unknown value
stack at sp + 1 slots: 0x00007ff813aa47b0 jvm.dll
stack at sp + 2 slots: 0xffffffffffffffff is an unknown value
stack at sp + 3 slots: 0x0 is null
stack at sp + 4 slots: 0x0000030000000300 is an unknown value
stack at sp + 5 slots: 0x00000213ea097560 points into unknown readable memory: 0x00000213ef8d34e8 | e8 34 8d ef 13 02 00 00
stack at sp + 6 slots: 0x0 is null
stack at sp + 7 slots: 0x00000034a0cff190 is pointing into the stack for thread: 0x00000213eae34250

Lock stack of current Java thread (top to bottom):


---------------  P R O C E S S  ---------------

Threads class SMR info:
_java_thread_list=0x00000213f094fca0, length=26, elements={
0x00000213b4ad8d40, 0x00000213e4cec290, 0x00000213e4ceebb0, 0x00000213e4cf69b0,
0x00000213e4cf9890, 0x00000213e4cf7180, 0x00000213e4cf61e0, 0x00000213e4d113a0,
0x00000213e4d202a0, 0x00000213e4d1e260, 0x00000213e4d20ab0, 0x00000213e4f5c2f0,
0x00000213e4f5cac0, 0x00000213e4f94150, 0x00000213e4f0b4b0, 0x00000213e4f09d40,
0x00000213e4f0a510, 0x00000213e4f102d0, 0x00000213e4d1ea70, 0x00000213e4d23300,
0x00000213eae2f1b0, 0x00000213eae33a40, 0x00000213eae34250, 0x00000213eae33230,
0x00000213ed460510, 0x00000213e4f11270
}

Java Threads: ( => current thread )
  0x00000213b4ad8d40 JavaThread "main"                              [_thread_in_vm, id=51268, stack(0x000000349d800000,0x000000349d900000) (1024K)]
  0x00000213e4cec290 JavaThread "Reference Handler"          daemon [_thread_blocked, id=19180, stack(0x000000349e000000,0x000000349e100000) (1024K)]
  0x00000213e4ceebb0 JavaThread "Finalizer"                  daemon [_thread_blocked, id=74868, stack(0x000000349e100000,0x000000349e200000) (1024K)]
  0x00000213e4cf69b0 JavaThread "Signal Dispatcher"          daemon [_thread_blocked, id=71184, stack(0x000000349e200000,0x000000349e300000) (1024K)]
  0x00000213e4cf9890 JavaThread "Attach Listener"            daemon [_thread_blocked, id=62020, stack(0x000000349e300000,0x000000349e400000) (1024K)]
  0x00000213e4cf7180 JavaThread "Service Thread"             daemon [_thread_blocked, id=59256, stack(0x000000349e400000,0x000000349e500000) (1024K)]
  0x00000213e4cf61e0 JavaThread "Monitor Deflation Thread"   daemon [_thread_blocked, id=45564, stack(0x000000349e500000,0x000000349e600000) (1024K)]
  0x00000213e4d113a0 JavaThread "C2 CompilerThread0"         daemon [_thread_blocked, id=70468, stack(0x000000349e600000,0x000000349e700000) (1024K)]
  0x00000213e4d202a0 JavaThread "C1 CompilerThread0"         daemon [_thread_blocked, id=71120, stack(0x000000349e700000,0x000000349e800000) (1024K)]
  0x00000213e4d1e260 JavaThread "C1 CompilerThread1"         daemon [_thread_in_native, id=76968, stack(0x000000349e800000,0x000000349e900000) (1024K)]
  0x00000213e4d20ab0 JavaThread "C1 CompilerThread2"         daemon [_thread_blocked, id=46668, stack(0x000000349e900000,0x000000349ea00000) (1024K)]
  0x00000213e4f5c2f0 JavaThread "JDWP Transport Listener: dt_socket" daemon [_thread_blocked, id=71036, stack(0x000000349eb00000,0x000000349ec00000) (1024K)]
  0x00000213e4f5cac0 JavaThread "JDWP Event Helper Thread"   daemon [_thread_blocked, id=79408, stack(0x000000349ec00000,0x000000349ed00000) (1024K)]
  0x00000213e4f94150 JavaThread "JDWP Command Reader"        daemon [_thread_in_native, id=20412, stack(0x000000349ed00000,0x000000349ee00000) (1024K)]
  0x00000213e4f0b4b0 JavaThread "Common-Cleaner"             daemon [_thread_blocked, id=63320, stack(0x000000349ea00000,0x000000349eb00000) (1024K)]
  0x00000213e4f09d40 JavaThread "IntelliJ Suspend Helper"    daemon [_thread_blocked, id=56836, stack(0x000000349ee00000,0x000000349ef00000) (1024K)]
  0x00000213e4f0a510 JavaThread "Notification Thread"        daemon [_thread_blocked, id=58408, stack(0x000000349ef00000,0x000000349f000000) (1024K)]
  0x00000213e4f102d0 JavaThread "CoarseTimer"                daemon [_thread_blocked, id=43716, stack(0x000000349f000000,0x000000349f100000) (1024K)]
  0x00000213e4d1ea70 JavaThread "C2 CompilerThread1"         daemon [_thread_in_native, id=2572, stack(0x000000349f100000,0x000000349f200000) (1024K)]
  0x00000213e4d23300 JavaThread "C2 CompilerThread2"         daemon [_thread_in_native, id=40048, stack(0x000000349f200000,0x000000349f300000) (1024K)]
  0x00000213eae2f1b0 JavaThread "C2 CompilerThread3"         daemon [_thread_blocked, id=19440, stack(0x00000034a0a00000,0x00000034a0b00000) (1024K)]
  0x00000213eae33a40 JavaThread "C2 CompilerThread4"         daemon [_thread_blocked, id=3812, stack(0x00000034a0b00000,0x00000034a0c00000) (1024K)]
=>0x00000213eae34250 JavaThread "C1 CompilerThread3"         daemon [_thread_in_native, id=44388, stack(0x00000034a0c00000,0x00000034a0d00000) (1024K)]
  0x00000213eae33230 JavaThread "C2 CompilerThread5"         daemon [_thread_in_native, id=74556, stack(0x00000034a0d00000,0x00000034a0e00000) (1024K)]
  0x00000213ed460510 JavaThread "Datafixer Bootstrap"        daemon [_thread_in_Java, id=79480, stack(0x00000034a0e00000,0x00000034a0f00000) (1024K)]
  0x00000213e4f11270 JavaThread "JNA Cleaner"                daemon [_thread_blocked, id=64220, stack(0x00000034a0f00000,0x00000034a1000000) (1024K)]
Total: 26

Other Threads:
  0x00000213e4cd9f00 VMThread "VM Thread"                           [id=54180, stack(0x000000349df00000,0x000000349e000000) (1024K)]
  0x00000213cd5ea2b0 WatcherThread "VM Periodic Task Thread"        [id=52816, stack(0x000000349de00000,0x000000349df00000) (1024K)]
  0x00000213cd5105f0 WorkerThread "GC Thread#0"                     [id=74864, stack(0x000000349d900000,0x000000349da00000) (1024K)]
  0x00000213eaad8240 WorkerThread "GC Thread#1"                     [id=72484, stack(0x000000349f300000,0x000000349f400000) (1024K)]
  0x00000213eaaf1250 WorkerThread "GC Thread#2"                     [id=51092, stack(0x000000349f400000,0x000000349f500000) (1024K)]
  0x00000213eaaffff0 WorkerThread "GC Thread#3"                     [id=56380, stack(0x000000349f500000,0x000000349f600000) (1024K)]
  0x00000213eab00420 WorkerThread "GC Thread#4"                     [id=3616, stack(0x000000349f600000,0x000000349f700000) (1024K)]
  0x00000213eaae5210 WorkerThread "GC Thread#5"                     [id=69296, stack(0x000000349f700000,0x000000349f800000) (1024K)]
  0x00000213eab5f020 WorkerThread "GC Thread#6"                     [id=68884, stack(0x000000349f800000,0x000000349f900000) (1024K)]
  0x00000213eab34b20 WorkerThread "GC Thread#7"                     [id=49956, stack(0x000000349f900000,0x000000349fa00000) (1024K)]
  0x00000213eab33e30 WorkerThread "GC Thread#8"                     [id=75340, stack(0x000000349fa00000,0x000000349fb00000) (1024K)]
  0x00000213eab339e0 WorkerThread "GC Thread#9"                     [id=78168, stack(0x000000349fb00000,0x000000349fc00000) (1024K)]
  0x00000213eab34280 WorkerThread "GC Thread#10"                    [id=66524, stack(0x000000349fc00000,0x000000349fd00000) (1024K)]
  0x00000213eab346d0 WorkerThread "GC Thread#11"                    [id=72112, stack(0x000000349fd00000,0x000000349fe00000) (1024K)]
  0x00000213eab34f70 WorkerThread "GC Thread#12"                    [id=41364, stack(0x000000349fe00000,0x000000349ff00000) (1024K)]
  0x00000213eab353c0 WorkerThread "GC Thread#13"                    [id=79580, stack(0x000000349ff00000,0x00000034a0000000) (1024K)]
  0x00000213eab35810 WorkerThread "GC Thread#14"                    [id=70512, stack(0x00000034a0000000,0x00000034a0100000) (1024K)]
  0x00000213eab33590 WorkerThread "GC Thread#15"                    [id=72840, stack(0x00000034a0100000,0x00000034a0200000) (1024K)]
  0x00000213eab32000 WorkerThread "GC Thread#16"                    [id=72588, stack(0x00000034a0200000,0x00000034a0300000) (1024K)]
  0x00000213eab32cf0 WorkerThread "GC Thread#17"                    [id=11876, stack(0x00000034a0300000,0x00000034a0400000) (1024K)]
  0x00000213eab32450 WorkerThread "GC Thread#18"                    [id=79412, stack(0x00000034a0400000,0x00000034a0500000) (1024K)]
  0x00000213eab328a0 WorkerThread "GC Thread#19"                    [id=68716, stack(0x00000034a0500000,0x00000034a0600000) (1024K)]
  0x00000213cd552010 ConcurrentGCThread "G1 Main Marker"            [id=79416, stack(0x000000349da00000,0x000000349db00000) (1024K)]
  0x00000213cd553350 WorkerThread "G1 Conc#0"                       [id=51288, stack(0x000000349db00000,0x000000349dc00000) (1024K)]
  0x00000213eb8ed080 WorkerThread "G1 Conc#1"                       [id=40164, stack(0x00000034a0600000,0x00000034a0700000) (1024K)]
  0x00000213eb8ed920 WorkerThread "G1 Conc#2"                       [id=58592, stack(0x00000034a0700000,0x00000034a0800000) (1024K)]
  0x00000213eb8edd70 WorkerThread "G1 Conc#3"                       [id=69640, stack(0x00000034a0800000,0x00000034a0900000) (1024K)]
  0x00000213eb8ee1c0 WorkerThread "G1 Conc#4"                       [id=76736, stack(0x00000034a0900000,0x00000034a0a00000) (1024K)]
  0x00000213cd5db390 ConcurrentGCThread "G1 Refine#0"               [id=73788, stack(0x000000349dc00000,0x000000349dd00000) (1024K)]
  0x00000213cd5dbea0 ConcurrentGCThread "G1 Service"                [id=27136, stack(0x000000349dd00000,0x000000349de00000) (1024K)]
Total: 30

Threads with active compile tasks:
C2 CompilerThread1  3964 5073       4       org.objectweb.asm.ClassReader::readCode (5117 bytes)
C2 CompilerThread2  3964 6714       4       com.mojang.datafixers.types.Type::everywhere (36 bytes)
C1 CompilerThread3  3964 6522       3       java.lang.System$1::join (11 bytes)
C2 CompilerThread5  3964 6746       4       com.mojang.datafixers.types.Type::rewrite (131 bytes)
Total: 4

VM state: not at safepoint (normal execution)

VM Mutex/Monitor currently owned by a thread: None

Heap address: 0x0000000403000000, size: 16336 MB, Compressed Oops mode: Zero based, Oop shift amount: 3

CDS archive(s) mapped at: [0x000000009e000000-0x000000009edd0000-0x000000009edd0000), size 14483456, SharedBaseAddress: 0x000000009e000000, ArchiveRelocationMode: 1.
Compressed class space mapped at: 0x000000009f000000-0x00000000df000000, reserved size: 1073741824
UseCompressedClassPointers 1, UseCompactObjectHeaders 0
Narrow klass pointer bits 32, Max shift 3
Narrow klass base: 0x000000009e000000, Narrow klass shift: 0
Encoding Range: [0x000000009e000000 - 0x000000019e000000), (4294967296 bytes)
Klass Range:    [0x000000009e010000 - 0x00000000df000000), (1090453504 bytes)
Klass ID Range:  [65536 - 1090519033) (1090453497)
Protection zone: [0x000000009e000000 - 0x000000009e010000), (65536 bytes)

GC Precious Log:
 CardTable entry size: 512
 Card Set container configuration: InlinePtr #cards 4 size 8 Array Of Cards #cards 64 size 144 Howl #buckets 8 coarsen threshold 14745 Howl Bitmap #cards 2048 size 272 coarsen threshold 1843 Card regions per heap region 1 cards per card region 16384
 CPUs: 28 total, 28 available
 Memory: 65312M
 Large Page Support: Disabled
 NUMA Support: Disabled
 Compressed Oops: Enabled (Zero based)
 Heap Region Size: 8M
 Heap Min Capacity: 8M
 Heap Initial Capacity: 1G
 Heap Max Capacity: 16336M
 Pre-touch: Disabled
 Parallel Workers: 20
 Concurrent Workers: 5
 Concurrent Refinement Workers: 20
 Periodic GC: Disabled

Heap:
 garbage-first heap   total reserved 16728064K, committed 245760K, used 138446K [0x0000000403000000, 0x0000000800000000)
  region size 8192K, 13 young (106496K), 3 survivors (24576K)

Heap Regions: E=young(eden), S=young(survivor), O=old, HS=humongous(starts), HC=humongous(continues), CS=collection set, F=free, TAMS=top-at-mark-start, PB=parsable bottom
|   0|0x0000000403000000, 0x00000004036d31c8, 0x0000000403800000| 85%| O|Cm|TAMS 0x0000000403000000| PB 0x0000000403000000| Complete |  0
|   1|0x0000000403800000, 0x0000000404000000, 0x0000000404000000|100%| O|  |TAMS 0x0000000403800000| PB 0x0000000403800000| Untracked |  0
|   2|0x0000000404000000, 0x0000000404800000, 0x0000000404800000|100%| O|  |TAMS 0x0000000404000000| PB 0x0000000404000000| Untracked |  0
|   3|0x0000000404800000, 0x0000000404fbd080, 0x0000000405000000| 96%| O|  |TAMS 0x0000000404800000| PB 0x0000000404800000| Untracked |  0
|   4|0x0000000405000000, 0x0000000405800000, 0x0000000405800000|100%|HS|  |TAMS 0x0000000405000000| PB 0x0000000405000000| Complete |  0
|   5|0x0000000405800000, 0x0000000406000000, 0x0000000406000000|100%|HC|  |TAMS 0x0000000405800000| PB 0x0000000405800000| Complete |  0
|   6|0x0000000406000000, 0x0000000406000000, 0x0000000406800000|  0%| F|  |TAMS 0x0000000406000000| PB 0x0000000406000000| Untracked |  0
|   7|0x0000000406800000, 0x0000000406800000, 0x0000000407000000|  0%| F|  |TAMS 0x0000000406800000| PB 0x0000000406800000| Untracked |  0
|   8|0x0000000407000000, 0x0000000407000000, 0x0000000407800000|  0%| F|  |TAMS 0x0000000407000000| PB 0x0000000407000000| Untracked |  0
|   9|0x0000000407800000, 0x0000000407800000, 0x0000000408000000|  0%| F|  |TAMS 0x0000000407800000| PB 0x0000000407800000| Untracked |  0
|  10|0x0000000408000000, 0x0000000408000000, 0x0000000408800000|  0%| F|  |TAMS 0x0000000408000000| PB 0x0000000408000000| Untracked |  0
|  11|0x0000000408800000, 0x0000000408800000, 0x0000000409000000|  0%| F|  |TAMS 0x0000000408800000| PB 0x0000000408800000| Untracked |  0
|  12|0x0000000409000000, 0x0000000409000000, 0x0000000409800000|  0%| F|  |TAMS 0x0000000409000000| PB 0x0000000409000000| Untracked |  0
|  13|0x0000000409800000, 0x0000000409800000, 0x000000040a000000|  0%| F|  |TAMS 0x0000000409800000| PB 0x0000000409800000| Untracked |  0
|  14|0x000000040a000000, 0x000000040a000000, 0x000000040a800000|  0%| F|  |TAMS 0x000000040a000000| PB 0x000000040a000000| Untracked |  0
|  15|0x000000040a800000, 0x000000040a800000, 0x000000040b000000|  0%| F|  |TAMS 0x000000040a800000| PB 0x000000040a800000| Untracked |  0
|  16|0x000000040b000000, 0x000000040b000000, 0x000000040b800000|  0%| F|  |TAMS 0x000000040b000000| PB 0x000000040b000000| Untracked |  0
|  17|0x000000040b800000, 0x000000040ba8f5e0, 0x000000040c000000| 32%| E|  |TAMS 0x000000040b800000| PB 0x000000040b800000| Complete |  0
|  18|0x000000040c000000, 0x000000040c800000, 0x000000040c800000|100%| E|CS|TAMS 0x000000040c000000| PB 0x000000040c000000| Complete |  0
|  19|0x000000040c800000, 0x000000040d000000, 0x000000040d000000|100%| E|CS|TAMS 0x000000040c800000| PB 0x000000040c800000| Complete |  0
|  20|0x000000040d000000, 0x000000040d800000, 0x000000040d800000|100%| E|CS|TAMS 0x000000040d000000| PB 0x000000040d000000| Complete |  0
|  21|0x000000040d800000, 0x000000040e000000, 0x000000040e000000|100%| E|CS|TAMS 0x000000040d800000| PB 0x000000040d800000| Complete |  0
|  22|0x000000040e000000, 0x000000040e800000, 0x000000040e800000|100%| E|CS|TAMS 0x000000040e000000| PB 0x000000040e000000| Complete |  0
|  23|0x000000040e800000, 0x000000040f000000, 0x000000040f000000|100%| E|CS|TAMS 0x000000040e800000| PB 0x000000040e800000| Complete |  0
|  24|0x000000040f000000, 0x000000040f800000, 0x000000040f800000|100%| E|CS|TAMS 0x000000040f000000| PB 0x000000040f000000| Complete |  0
|  54|0x000000041e000000, 0x000000041e0a3780, 0x000000041e800000|  7%| S|CS|TAMS 0x000000041e000000| PB 0x000000041e000000| Complete |  0
|  55|0x000000041e800000, 0x000000041f000000, 0x000000041f000000|100%| S|CS|TAMS 0x000000041e800000| PB 0x000000041e800000| Complete |  0
|  56|0x000000041f000000, 0x000000041f800000, 0x000000041f800000|100%| S|CS|TAMS 0x000000041f000000| PB 0x000000041f000000| Complete |  0
| 127|0x0000000442800000, 0x0000000443000000, 0x0000000443000000|100%| E|CS|TAMS 0x0000000442800000| PB 0x0000000442800000| Complete |  0
|2041|0x00000007ff800000, 0x0000000800000000, 0x0000000800000000|100%| E|CS|TAMS 0x00000007ff800000| PB 0x00000007ff800000| Complete |  0

Card table byte_map: [0x00000213cf680000,0x00000213d1670000] _byte_map_base: 0x00000213cd668000

Marking Bits: (CMBitMap*) 0x00000213b4b4fbd0
 Bits: [0x00000213d1670000, 0x00000213e15b0000)

Polling page: 0x00000213b2870000

Metaspace:
Metaspace        used 37938K, committed 38336K, reserved 1114112K
 class space     used 4761K, committed 4928K, reserved 1048576K

Usage:
  Non-class:     32.40 MB used.
      Class:      4.65 MB used.
       Both:     37.05 MB used.

Virtual space:
  Non-class space:       64.00 MB reserved,      32.62 MB ( 51%) committed,  1 nodes.
      Class space:        1.00 GB reserved,       4.81 MB ( <1%) committed,  1 nodes.
             Both:        1.06 GB reserved,      37.44 MB (  3%) committed. 

Chunk freelists:
   Non-Class:  15.14 MB
       Class:  11.19 MB
        Both:  26.33 MB

MaxMetaspaceSize: unlimited
CompressedClassSpaceSize: 1.00 GB
Initial GC threshold: 21.00 MB
Current GC threshold: 59.38 MB
CDS: on
 - commit_granule_bytes: 65536.
 - commit_granule_words: 8192.
 - virtual_space_node_default_size: 8388608.
 - enlarge_chunks_in_place: 1.
UseCompressedClassPointers 1, UseCompactObjectHeaders 0
Narrow klass pointer bits 32, Max shift 3
Narrow klass base: 0x000000009e000000, Narrow klass shift: 0
Encoding Range: [0x000000009e000000 - 0x000000019e000000), (4294967296 bytes)
Klass Range:    [0x000000009e010000 - 0x00000000df000000), (1090453504 bytes)
Klass ID Range:  [65536 - 1090519033) (1090453497)
Protection zone: [0x000000009e000000 - 0x000000009e010000), (65536 bytes)


Internal statistics:

num_allocs_failed_limit: 6.
num_arena_births: 508.
num_arena_deaths: 0.
num_vsnodes_births: 2.
num_vsnodes_deaths: 0.
num_space_committed: 598.
num_space_uncommitted: 0.
num_chunks_returned_to_freelist: 6.
num_chunks_taken_from_freelist: 1577.
num_chunk_merges: 6.
num_chunk_splits: 1049.
num_chunks_enlarged: 788.
num_inconsistent_stats: 0.

CodeHeap 'non-profiled nmethods': size=119232Kb used=3426Kb max_used=3426Kb free=115805Kb
 bounds [0x00000213c4ef0000, 0x00000213c5250000, 0x00000213cc360000]
CodeHeap 'profiled nmethods': size=119104Kb used=10419Kb max_used=10419Kb free=108684Kb
 bounds [0x00000213bd360000, 0x00000213bdd90000, 0x00000213c47b0000]
CodeHeap 'non-nmethods': size=7424Kb used=3334Kb max_used=3550Kb free=4089Kb
 bounds [0x00000213c47b0000, 0x00000213c4b60000, 0x00000213c4ef0000]
CodeCache: size=245760Kb, used=17179Kb, max_used=17395Kb, free=228578Kb
 total_blobs=7101, nmethods=6392, adapters=609, full_count=0
Compilation: enabled, stopped_count=0, restarted_count=0

Compilation events (20 events):
Event: 3.850 Thread 0x00000213e4d202a0 6516       3       java.util.StringJoiner::add (110 bytes)
Event: 3.850 Thread 0x00000213e4d1e260 nmethod 6508 0x00000213bd76c988 code [0x00000213bd76ca80, 0x00000213bd76dc70]
Event: 3.850 Thread 0x00000213e4d1e260 6517   !   3       java.lang.Class::getTypeName (46 bytes)
Event: 3.850 Thread 0x00000213eae34250 6519       3       java.lang.StringConcatHelper::newArray (17 bytes)
Event: 3.850 Thread 0x00000213eae34250 nmethod 6519 0x00000213bd77a808 code [0x00000213bd77a900, 0x00000213bd77ad08]
Event: 3.850 Thread 0x00000213eae34250 6520       3       java.util.StringJoiner::<init> (63 bytes)
Event: 3.850 Thread 0x00000213e4d202a0 nmethod 6516 0x00000213bd761d08 code [0x00000213bd761e00, 0x00000213bd762ac8]
Event: 3.850 Thread 0x00000213e4d202a0 6521       3       java.util.StringJoiner::toString (53 bytes)
Event: 3.850 Thread 0x00000213eae34250 nmethod 6520 0x00000213bd3aed88 code [0x00000213bd3aee80, 0x00000213bd3af7f0]
Event: 3.850 Thread 0x00000213eae34250 6522       3       java.lang.System$1::join (11 bytes)
Event: 3.850 Thread 0x00000213e4d202a0 nmethod 6521 0x00000213bd797988 code [0x00000213bd797a80, 0x00000213bd797ca8]
Event: 3.850 Thread 0x00000213e4d20ab0 nmethod 6518 0x00000213bd4d5808 code [0x00000213bd4d5900, 0x00000213bd4d7b30]
Event: 3.850 Thread 0x00000213e4d20ab0 6523       3       java.lang.reflect.ProxyGenerator::proxyMethodsFor (19 bytes)
Event: 3.850 Thread 0x00000213e4d113a0 6524       4       java.util.Optional::map (30 bytes)
Event: 3.850 Thread 0x00000213e4d1e260 nmethod 6517 0x00000213bd763888 code [0x00000213bd763980, 0x00000213bd7654c0]
Event: 3.850 Thread 0x00000213e4d1e260 6525       3       java.lang.reflect.ProxyGenerator::checkReturnTypes (292 bytes)
Event: 3.850 Thread 0x00000213e4d20ab0 nmethod 6523 0x00000213bd85b508 code [0x00000213bd85b600, 0x00000213bd85b9e0]
Event: 3.850 Thread 0x00000213e4d202a0 6526       3       jdk.internal.constant.ConstantUtils::classDesc (20 bytes)
Event: 3.851 Thread 0x00000213eae33230 6527       4       com.mojang.datafixers.TypeRewriteRule::everywhere (12 bytes)
Event: 3.851 Thread 0x00000213e4d202a0 nmethod 6526 0x00000213bd37da88 code [0x00000213bd37db80, 0x00000213bd37e5c8]

GC Heap Usage History (16 events):
Event: 1.483 {heap Before GC invocations=0 (full 0):
 garbage-first heap   total reserved 16728064K, committed 1056768K, used 50325K [0x0000000403000000, 0x0000000800000000)
  region size 8192K, 6 young (49152K), 0 survivors (0K)
}
Event: 1.489 {heap After GC invocations=1 (full 0):
 garbage-first heap   total reserved 16728064K, committed 1056768K, used 16354K [0x0000000403000000, 0x0000000800000000)
  region size 8192K, 1 young (8192K), 1 survivors (8192K)
}
Event: 2.143 {heap Before GC invocations=1 (full 0):
 garbage-first heap   total reserved 16728064K, committed 1056768K, used 106466K [0x0000000403000000, 0x0000000800000000)
  region size 8192K, 13 young (106496K), 1 survivors (8192K)
}
Event: 2.150 {heap After GC invocations=2 (full 0):
 garbage-first heap   total reserved 16728064K, committed 1056768K, used 19437K [0x0000000403000000, 0x0000000800000000)
  region size 8192K, 2 young (16384K), 2 survivors (16384K)
}
Event: 2.490 {heap Before GC invocations=3 (full 0):
 garbage-first heap   total reserved 16728064K, committed 114688K, used 101357K [0x0000000403000000, 0x0000000800000000)
  region size 8192K, 12 young (98304K), 2 survivors (16384K)
}
Event: 2.502 {heap After GC invocations=4 (full 0):
 garbage-first heap   total reserved 16728064K, committed 131072K, used 24546K [0x0000000403000000, 0x0000000800000000)
  region size 8192K, 2 young (16384K), 2 survivors (16384K)
}
Event: 2.588 {heap Before GC invocations=4 (full 0):
 garbage-first heap   total reserved 16728064K, committed 131072K, used 81890K [0x0000000403000000, 0x0000000800000000)
  region size 8192K, 9 young (73728K), 2 survivors (16384K)
}
Event: 2.592 {heap After GC invocations=5 (full 0):
 garbage-first heap   total reserved 16728064K, committed 131072K, used 26330K [0x0000000403000000, 0x0000000800000000)
  region size 8192K, 1 young (8192K), 1 survivors (8192K)
}
Event: 2.718 {heap Before GC invocations=5 (full 0):
 garbage-first heap   total reserved 16728064K, committed 131072K, used 91866K [0x0000000403000000, 0x0000000800000000)
  region size 8192K, 9 young (73728K), 1 survivors (8192K)
}
Event: 2.724 {heap After GC invocations=6 (full 0):
 garbage-first heap   total reserved 16728064K, committed 131072K, used 32910K [0x0000000403000000, 0x0000000800000000)
  region size 8192K, 2 young (16384K), 2 survivors (16384K)
}
Event: 2.836 {heap Before GC invocations=6 (full 0):
 garbage-first heap   total reserved 16728064K, committed 131072K, used 90254K [0x0000000403000000, 0x0000000800000000)
  region size 8192K, 9 young (73728K), 2 survivors (16384K)
}
Event: 2.840 {heap After GC invocations=7 (full 0):
 garbage-first heap   total reserved 16728064K, committed 131072K, used 35435K [0x0000000403000000, 0x0000000800000000)
  region size 8192K, 2 young (16384K), 2 survivors (16384K)
}
Event: 3.109 {heap Before GC invocations=7 (full 0):
 garbage-first heap   total reserved 16728064K, committed 131072K, used 92779K [0x0000000403000000, 0x0000000800000000)
  region size 8192K, 9 young (73728K), 2 survivors (16384K)
}
Event: 3.112 {heap After GC invocations=8 (full 0):
 garbage-first heap   total reserved 16728064K, committed 589824K, used 36247K [0x0000000403000000, 0x0000000800000000)
  region size 8192K, 1 young (8192K), 1 survivors (8192K)
}
Event: 3.765 {heap Before GC invocations=8 (full 0):
 garbage-first heap   total reserved 16728064K, committed 589824K, used 167319K [0x0000000403000000, 0x0000000800000000)
  region size 8192K, 16 young (131072K), 1 survivors (8192K)
}
Event: 3.769 {heap After GC invocations=9 (full 0):
 garbage-first heap   total reserved 16728064K, committed 589824K, used 64718K [0x0000000403000000, 0x0000000800000000)
  region size 8192K, 3 young (24576K), 3 survivors (24576K)
}

Metaspace Usage History (16 events):
Event: 1.483 {metaspace Before GC invocations=0 (full 0):
 Metaspace       used 10107K, committed 10304K, reserved 1114112K
  class space    used 1063K, committed 1152K, reserved 1048576K
}
Event: 1.489 {metaspace After GC invocations=1 (full 0):
 Metaspace       used 10107K, committed 10304K, reserved 1114112K
  class space    used 1063K, committed 1152K, reserved 1048576K
}
Event: 2.143 {metaspace Before GC invocations=1 (full 0):
 Metaspace       used 21320K, committed 21504K, reserved 1114112K
  class space    used 2400K, committed 2496K, reserved 1048576K
}
Event: 2.150 {metaspace After GC invocations=2 (full 0):
 Metaspace       used 21320K, committed 21504K, reserved 1114112K
  class space    used 2400K, committed 2496K, reserved 1048576K
}
Event: 2.490 {metaspace Before GC invocations=3 (full 0):
 Metaspace       used 24105K, committed 24448K, reserved 1114112K
  class space    used 2756K, committed 2880K, reserved 1048576K
}
Event: 2.502 {metaspace After GC invocations=4 (full 0):
 Metaspace       used 24105K, committed 24448K, reserved 1114112K
  class space    used 2756K, committed 2880K, reserved 1048576K
}
Event: 2.588 {metaspace Before GC invocations=4 (full 0):
 Metaspace       used 24174K, committed 24448K, reserved 1114112K
  class space    used 2756K, committed 2880K, reserved 1048576K
}
Event: 2.592 {metaspace After GC invocations=5 (full 0):
 Metaspace       used 24174K, committed 24448K, reserved 1114112K
  class space    used 2756K, committed 2880K, reserved 1048576K
}
Event: 2.718 {metaspace Before GC invocations=5 (full 0):
 Metaspace       used 24235K, committed 24512K, reserved 1114112K
  class space    used 2756K, committed 2880K, reserved 1048576K
}
Event: 2.724 {metaspace After GC invocations=6 (full 0):
 Metaspace       used 24235K, committed 24512K, reserved 1114112K
  class space    used 2756K, committed 2880K, reserved 1048576K
}
Event: 2.836 {metaspace Before GC invocations=6 (full 0):
 Metaspace       used 24430K, committed 24704K, reserved 1114112K
  class space    used 2773K, committed 2880K, reserved 1048576K
}
Event: 2.840 {metaspace After GC invocations=7 (full 0):
 Metaspace       used 24430K, committed 24704K, reserved 1114112K
  class space    used 2773K, committed 2880K, reserved 1048576K
}
Event: 3.109 {metaspace Before GC invocations=7 (full 0):
 Metaspace       used 28945K, committed 29312K, reserved 1114112K
  class space    used 3386K, committed 3584K, reserved 1048576K
}
Event: 3.112 {metaspace After GC invocations=8 (full 0):
 Metaspace       used 28945K, committed 29312K, reserved 1114112K
  class space    used 3386K, committed 3584K, reserved 1048576K
}
Event: 3.765 {metaspace Before GC invocations=8 (full 0):
 Metaspace       used 35870K, committed 36288K, reserved 1114112K
  class space    used 4450K, committed 4672K, reserved 1048576K
}
Event: 3.769 {metaspace After GC invocations=9 (full 0):
 Metaspace       used 35870K, committed 36288K, reserved 1114112K
  class space    used 4450K, committed 4672K, reserved 1048576K
}

Dll operation events (11 events):
Event: 0.148 Loaded shared library C:\Program Files\Java\jdk-25.0.3\bin\java.dll
Event: 0.149 Loaded shared library C:\Program Files\Java\jdk-25.0.3\bin\zip.dll
Event: 0.483 Loaded shared library C:\Program Files\Java\jdk-25.0.3\bin\instrument.dll
Event: 0.488 Loaded shared library C:\Program Files\Java\jdk-25.0.3\bin\net.dll
Event: 0.489 Loaded shared library C:\Program Files\Java\jdk-25.0.3\bin\nio.dll
Event: 0.720 Loaded shared library C:\Program Files\Java\jdk-25.0.3\bin\verify.dll
Event: 1.023 Loaded shared library C:\Program Files\Java\jdk-25.0.3\bin\zip.dll
Event: 1.128 Loaded shared library C:\Program Files\Java\jdk-25.0.3\bin\jimage.dll
Event: 1.534 Loaded shared library C:\Program Files\Java\jdk-25.0.3\bin\management.dll
Event: 1.536 Loaded shared library C:\Program Files\Java\jdk-25.0.3\bin\management_ext.dll
Event: 3.807 Loaded shared library C:\Users\Owner\AppData\Local\Temp\jna--823301853\jna14053778591391639749.dll

Deoptimization events (20 events):
Event: 3.836 Thread 0x00000213ed460510 Uncommon trap: trap_request=0xffffff45 fr.pc=0x00000213c51ca664 relative=0x00000000000001e4
Event: 3.836 Thread 0x00000213ed460510 Uncommon trap: reason=unstable_if action=reinterpret pc=0x00000213c51ca664 method=java.lang.invoke.LambdaForm$MH/0x000000009f3e9c00.invoke(Ljava/lang/Object;Ljava/lang/Object;Ljava/lang/Object;)I @ 75 c2
Event: 3.836 Thread 0x00000213ed460510 DEOPT PACKING pc=0x00000213c51ca664 sp=0x00000034a0efad00
Event: 3.836 Thread 0x00000213ed460510 DEOPT UNPACKING pc=0x00000213c48e0f02 sp=0x00000034a0efac80 mode 2
Event: 3.836 Thread 0x00000213ed460510 Uncommon trap: trap_request=0xffffff45 fr.pc=0x00000213c51ca664 relative=0x00000000000001e4
Event: 3.836 Thread 0x00000213ed460510 Uncommon trap: reason=unstable_if action=reinterpret pc=0x00000213c51ca664 method=java.lang.invoke.LambdaForm$MH/0x000000009f3e9c00.invoke(Ljava/lang/Object;Ljava/lang/Object;Ljava/lang/Object;)I @ 75 c2
Event: 3.836 Thread 0x00000213ed460510 DEOPT PACKING pc=0x00000213c51ca664 sp=0x00000034a0efb240
Event: 3.836 Thread 0x00000213ed460510 DEOPT UNPACKING pc=0x00000213c48e0f02 sp=0x00000034a0efb1c0 mode 2
Event: 3.837 Thread 0x00000213ed460510 Uncommon trap: trap_request=0xffffff5e fr.pc=0x00000213c51982e4 relative=0x0000000000000164
Event: 3.837 Thread 0x00000213ed460510 Uncommon trap: reason=speculate_class_check action=maybe_recompile pc=0x00000213c51982e4 method=java.lang.invoke.DirectMethodHandle$Holder.invokeSpecial(Ljava/lang/Object;Ljava/lang/Object;Ljava/lang/Object;)I @ 11 c2
Event: 3.837 Thread 0x00000213ed460510 DEOPT PACKING pc=0x00000213c51982e4 sp=0x00000034a0efb9b0
Event: 3.837 Thread 0x00000213ed460510 DEOPT UNPACKING pc=0x00000213c48e0f02 sp=0x00000034a0efb690 mode 2
Event: 3.838 Thread 0x00000213ed460510 Uncommon trap: trap_request=0xffffff5e fr.pc=0x00000213c51982e4 relative=0x0000000000000164
Event: 3.838 Thread 0x00000213ed460510 Uncommon trap: reason=speculate_class_check action=maybe_recompile pc=0x00000213c51982e4 method=java.lang.invoke.DirectMethodHandle$Holder.invokeSpecial(Ljava/lang/Object;Ljava/lang/Object;Ljava/lang/Object;)I @ 11 c2
Event: 3.838 Thread 0x00000213ed460510 DEOPT PACKING pc=0x00000213c51982e4 sp=0x00000034a0efaca0
Event: 3.838 Thread 0x00000213ed460510 DEOPT UNPACKING pc=0x00000213c48e0f02 sp=0x00000034a0efa980 mode 2
Event: 3.842 Thread 0x00000213ed460510 Uncommon trap: trap_request=0xffffff45 fr.pc=0x00000213c51a1158 relative=0x0000000000000a58
Event: 3.842 Thread 0x00000213ed460510 Uncommon trap: reason=unstable_if action=reinterpret pc=0x00000213c51a1158 method=it.unimi.dsi.fastutil.objects.Object2ObjectOpenHashMap.find(Ljava/lang/Object;)I @ 64 c2
Event: 3.842 Thread 0x00000213ed460510 DEOPT PACKING pc=0x00000213c51a1158 sp=0x00000034a0efe2b0
Event: 3.842 Thread 0x00000213ed460510 DEOPT UNPACKING pc=0x00000213c48e0f02 sp=0x00000034a0efe210 mode 2

Classes loaded (20 events):
Event: 3.848 Loading class com/mojang/serialization/DynamicOps
Event: 3.848 Loading class com/mojang/serialization/DynamicOps done
Event: 3.848 Loading class com/mojang/serialization/DynamicOps
Event: 3.848 Loading class com/mojang/serialization/DynamicOps done
Event: 3.848 Loading class net/minecraft/util/datafix/fixes/BlockRenameFix
Event: 3.848 Loading class net/minecraft/util/datafix/fixes/BlockRenameFix done
Event: 3.848 Loading class com/mojang/datafixers/Typed
Event: 3.848 Loading class com/mojang/datafixers/Typed done
Event: 3.848 Loading class com/mojang/datafixers/Typed
Event: 3.848 Loading class com/mojang/datafixers/Typed done
Event: 3.849 Loading class net/minecraft/util/datafix/fixes/BlockRenameFix
Event: 3.849 Loading class net/minecraft/util/datafix/fixes/BlockRenameFix done
Event: 3.849 Loading class com/mojang/datafixers/Typed
Event: 3.849 Loading class com/mojang/datafixers/Typed done
Event: 3.849 Loading class net/minecraft/util/datafix/fixes/HeightmapRenamingFix
Event: 3.849 Loading class net/minecraft/util/datafix/fixes/HeightmapRenamingFix done
Event: 3.849 Loading class com/mojang/datafixers/OpticFinder
Event: 3.849 Loading class com/mojang/datafixers/OpticFinder done
Event: 3.849 Loading class com/mojang/datafixers/Typed
Event: 3.849 Loading class com/mojang/datafixers/Typed done

Classes unloaded (0 events):
No events

Classes redefined (1 events):
Event: 0.729 Thread 0x00000213e4cd9f00 redefined class name=java.lang.Throwable, count=1

Internal exceptions (20 events):
Event: 3.266 Thread 0x00000213b4ad8d40 Exception <a 'java/lang/NoSuchMethodError'{0x000000043bf65c78}: 'void java.lang.invoke.DirectMethodHandle$Holder.invokeInterface(java.lang.Object, java.lang.Object, java.lang.Object)'> (0x000000043bf65c78) 
thrown [s\open\src\hotspot\share\interpreter\linkResolver.cpp, line 804]
Event: 3.443 Thread 0x00000213b4ad8d40 Exception <a 'java/lang/NoSuchMethodError'{0x0000000423f2b710}: 'java.lang.Object java.lang.invoke.DirectMethodHandle$Holder.invokeStaticInit(java.lang.Object, java.lang.Object, java.lang.Object, int, java.lang.Object)'> (0x0000000423f2b710) 
thrown [s\open\src\hotspot\share\interpreter\linkResolver.cpp, line 804]
Event: 3.444 Thread 0x00000213b4ad8d40 Exception <a 'java/lang/NoSuchMethodError'{0x0000000423f3b588}: 'java.lang.Object java.lang.invoke.DirectMethodHandle$Holder.newInvokeSpecial(java.lang.Object, java.lang.Object, java.lang.Object, int)'> (0x0000000423f3b588) 
thrown [s\open\src\hotspot\share\interpreter\linkResolver.cpp, line 804]
Event: 3.444 Thread 0x00000213b4ad8d40 Exception <a 'java/lang/NoSuchMethodError'{0x0000000423f43ce8}: 'java.lang.Object java.lang.invoke.Invokers$Holder.linkToTargetMethod(java.lang.Object, java.lang.Object, int, java.lang.Object)'> (0x0000000423f43ce8) 
thrown [s\open\src\hotspot\share\interpreter\linkResolver.cpp, line 804]
Event: 3.447 Thread 0x00000213b4ad8d40 Exception <a 'java/lang/NoSuchMethodError'{0x0000000423f6a870}: 'long java.lang.invoke.DirectMethodHandle$Holder.invokeStatic(java.lang.Object)'> (0x0000000423f6a870) 
thrown [s\open\src\hotspot\share\interpreter\linkResolver.cpp, line 804]
Event: 3.474 Thread 0x00000213b4ad8d40 Exception <a 'java/lang/NoSuchMethodError'{0x0000000423511c68}: 'java.lang.Object java.lang.invoke.DirectMethodHandle$Holder.invokeSpecialIFC(java.lang.Object, java.lang.Object, java.lang.Object, java.lang.Object)'> (0x0000000423511c68) 
thrown [s\open\src\hotspot\share\interpreter\linkResolver.cpp, line 804]
Event: 3.476 Thread 0x00000213b4ad8d40 Exception <a 'java/lang/NoSuchMethodError'{0x00000004235a02c8}: 'java.lang.Object java.lang.invoke.DirectMethodHandle$Holder.newInvokeSpecial(java.lang.Object, java.lang.Object, java.lang.Object, java.lang.Object, java.lang.Object, java.lang.Object, java.lang.Object, java.lang.Object)'> (0x00000004235a02c8) 
thrown [s\open\src\hotspot\share\interpreter\linkResolver.cpp, line 804]
Event: 3.549 Thread 0x00000213b4ad8d40 Exception <a 'java/lang/NoSuchMethodError'{0x0000000422198a18}: 'java.lang.Object java.lang.invoke.Invokers$Holder.linkToTargetMethod(java.lang.Object, int, int, java.lang.Object)'> (0x0000000422198a18) 
thrown [s\open\src\hotspot\share\interpreter\linkResolver.cpp, line 804]
Event: 3.592 Thread 0x00000213b4ad8d40 Exception <a 'java/lang/NoSuchMethodError'{0x000000042277ed68}: 'java.lang.Object java.lang.invoke.DirectMethodHandle$Holder.invokeVirtual(java.lang.Object, java.lang.Object, int)'> (0x000000042277ed68) 
thrown [s\open\src\hotspot\share\interpreter\linkResolver.cpp, line 804]
Event: 3.597 Thread 0x00000213b4ad8d40 Exception <a 'java/lang/NoSuchMethodError'{0x0000000421863da8}: 'int java.lang.invoke.DirectMethodHandle$Holder.invokeSpecialIFC(java.lang.Object, java.lang.Object, java.lang.Object)'> (0x0000000421863da8) 
thrown [s\open\src\hotspot\share\interpreter\linkResolver.cpp, line 804]
Event: 3.691 Thread 0x00000213b4ad8d40 Exception <a 'java/lang/NoSuchMethodError'{0x00000004216f9088}: 'double java.lang.invoke.DirectMethodHandle$Holder.invokeStatic(java.lang.Object, double)'> (0x00000004216f9088) 
thrown [s\open\src\hotspot\share\interpreter\linkResolver.cpp, line 804]
Event: 3.692 Thread 0x00000213b4ad8d40 Exception <a 'java/lang/NoSuchMethodError'{0x0000000421700db0}: 'double java.lang.invoke.DirectMethodHandle$Holder.invokeStaticInit(java.lang.Object, double)'> (0x0000000421700db0) 
thrown [s\open\src\hotspot\share\interpreter\linkResolver.cpp, line 804]
Event: 3.736 Thread 0x00000213b4ad8d40 Exception <a 'java/lang/NoSuchMethodError'{0x0000000420038300}: 'java.lang.Object java.lang.invoke.Invokers$Holder.linkToTargetMethod(java.lang.Object, java.lang.Object, java.lang.Object, java.lang.Object, java.lang.Object, java.lang.Object, java.lang.Object, java.lang.Object, java.lang.Object, java.lang.Object, java.lang.Object, java.lang.Object, java.lang.Object, java.lang.Object, java.lang.Object)'> (0x0000000420038300) 
thrown [s\open\src\hotspot\share\interpreter\linkResolver.cpp, line 804]
Event: 3.748 Thread 0x00000213b4ad8d40 Exception <a 'java/lang/NoSuchMethodError'{0x0000000420326710}: 'java.lang.Object java.lang.invoke.DirectMethodHandle$Holder.newInvokeSpecial(java.lang.Object, java.lang.Object, java.lang.Object, java.lang.Object, int)'> (0x0000000420326710) 
thrown [s\open\src\hotspot\share\interpreter\linkResolver.cpp, line 804]
Event: 3.748 Thread 0x00000213b4ad8d40 Exception <a 'java/lang/NoSuchMethodError'{0x000000042032f020}: 'java.lang.Object java.lang.invoke.DirectMethodHandle$Holder.invokeSpecial(java.lang.Object, java.lang.Object, java.lang.Object, java.lang.Object, java.lang.Object, int)'> (0x000000042032f020) 
thrown [s\open\src\hotspot\share\interpreter\linkResolver.cpp, line 804]
Event: 3.748 Thread 0x00000213b4ad8d40 Exception <a 'java/lang/NoSuchMethodError'{0x0000000420336ef8}: 'java.lang.Object java.lang.invoke.Invokers$Holder.linkToTargetMethod(java.lang.Object, java.lang.Object, java.lang.Object, int, java.lang.Object)'> (0x0000000420336ef8) 
thrown [s\open\src\hotspot\share\interpreter\linkResolver.cpp, line 804]
Event: 3.754 Thread 0x00000213ed460510 Exception <a 'java/lang/NoSuchMethodError'{0x000000042050d1a8}: 'java.lang.Object java.lang.invoke.DirectMethodHandle$Holder.newInvokeSpecial(java.lang.Object, java.lang.Object, int, int)'> (0x000000042050d1a8) 
thrown [s\open\src\hotspot\share\interpreter\linkResolver.cpp, line 804]
Event: 3.763 Thread 0x00000213b4ad8d40 Exception <a 'java/lang/NoSuchMethodError'{0x000000041f8013b8}: 'java.lang.Object java.lang.invoke.DelegatingMethodHandle$Holder.reinvoke_L(java.lang.Object, java.lang.Object, long, long, long, long, long, long)'> (0x000000041f8013b8) 
thrown [s\open\src\hotspot\share\interpreter\linkResolver.cpp, line 804]
Event: 3.773 Thread 0x00000213b4ad8d40 Exception <a 'java/lang/NoSuchMethodError'{0x00000007ffda3280}: 'long java.lang.invoke.DirectMethodHandle$Holder.invokeStaticInit(java.lang.Object)'> (0x00000007ffda3280) 
thrown [s\open\src\hotspot\share\interpreter\linkResolver.cpp, line 804]
Event: 3.836 Thread 0x00000213b4ad8d40 Implicit null exception at 0x00000213c4f44134 to 0x00000213c4f449cc

VM Operations (20 events):
Event: 3.183 Executing non-safepoint VM operation: HandshakeAllThreads (Deoptimize)
Event: 3.184 Executing non-safepoint VM operation: HandshakeAllThreads (Deoptimize) done
Event: 3.185 Executing non-safepoint VM operation: HandshakeAllThreads (Deoptimize)
Event: 3.185 Executing non-safepoint VM operation: HandshakeAllThreads (Deoptimize) done
Event: 3.309 Executing non-safepoint VM operation: HandshakeAllThreads (Deoptimize)
Event: 3.309 Executing non-safepoint VM operation: HandshakeAllThreads (Deoptimize) done
Event: 3.754 Executing non-safepoint VM operation: HandshakeAllThreads (Deoptimize)
Event: 3.754 Executing non-safepoint VM operation: HandshakeAllThreads (Deoptimize) done
Event: 3.755 Executing non-safepoint VM operation: HandshakeAllThreads (Deoptimize)
Event: 3.755 Executing non-safepoint VM operation: HandshakeAllThreads (Deoptimize) done
Event: 3.761 Executing non-safepoint VM operation: HandshakeAllThreads (Deoptimize)
Event: 3.761 Executing non-safepoint VM operation: HandshakeAllThreads (Deoptimize) done
Event: 3.765 Executing safepoint VM operation: CollectForMetadataAllocation (Metadata GC Threshold)
Event: 3.769 Executing safepoint VM operation: CollectForMetadataAllocation (Metadata GC Threshold) done
Event: 3.777 Executing safepoint VM operation: G1PauseRemark
Event: 3.779 Executing safepoint VM operation: G1PauseRemark done
Event: 3.781 Executing safepoint VM operation: G1PauseCleanup
Event: 3.781 Executing safepoint VM operation: G1PauseCleanup done
Event: 3.827 Executing non-safepoint VM operation: HandshakeAllThreads (Deoptimize)
Event: 3.827 Executing non-safepoint VM operation: HandshakeAllThreads (Deoptimize) done

Memory protections (0 events):
No events

Nmethod flushes (20 events):
Event: 3.778 Thread 0x00000213e4cd9f00 flushing  nmethod 0x00000213bd37fe08
Event: 3.778 Thread 0x00000213e4cd9f00 flushing  nmethod 0x00000213bd381188
Event: 3.778 Thread 0x00000213e4cd9f00 flushing  nmethod 0x00000213bd381508
Event: 3.778 Thread 0x00000213e4cd9f00 flushing  nmethod 0x00000213bd382408
Event: 3.778 Thread 0x00000213e4cd9f00 flushing  nmethod 0x00000213bd3c3e08
Event: 3.778 Thread 0x00000213e4cd9f00 flushing  nmethod 0x00000213bd3c4508
Event: 3.778 Thread 0x00000213e4cd9f00 flushing  nmethod 0x00000213bd3c4d88
Event: 3.778 Thread 0x00000213e4cd9f00 flushing  nmethod 0x00000213bd3c5088
Event: 3.778 Thread 0x00000213e4cd9f00 flushing  nmethod 0x00000213bd3c5a88
Event: 3.778 Thread 0x00000213e4cd9f00 flushing  nmethod 0x00000213bd48ee08
Event: 3.778 Thread 0x00000213e4cd9f00 flushing  nmethod 0x00000213bd490208
Event: 3.778 Thread 0x00000213e4cd9f00 flushing  nmethod 0x00000213bd491088
Event: 3.778 Thread 0x00000213e4cd9f00 flushing  nmethod 0x00000213bd491d08
Event: 3.778 Thread 0x00000213e4cd9f00 flushing  nmethod 0x00000213bd493608
Event: 3.778 Thread 0x00000213e4cd9f00 flushing  nmethod 0x00000213bd4fcd08
Event: 3.778 Thread 0x00000213e4cd9f00 flushing  nmethod 0x00000213bd6db208
Event: 3.778 Thread 0x00000213e4cd9f00 flushing  nmethod 0x00000213bd769208
Event: 3.778 Thread 0x00000213e4cd9f00 flushing  nmethod 0x00000213bd76a508
Event: 3.778 Thread 0x00000213e4cd9f00 flushing  nmethod 0x00000213bd76ab88
Event: 3.778 Thread 0x00000213e4cd9f00 flushing  nmethod 0x00000213bd76b288

Events (20 events):
Event: 1.901 Thread 0x00000213eb8fd990 Thread exited: 0x00000213eb8fd990
Event: 1.901 Thread 0x00000213eb98ca40 Thread exited: 0x00000213eb98ca40
Event: 1.901 Thread 0x00000213eb98c270 Thread exited: 0x00000213eb98c270
Event: 1.901 Thread 0x00000213eb4752b0 Thread exited: 0x00000213eb4752b0
Event: 1.901 Thread 0x00000213eb9b46e0 Thread exited: 0x00000213eb9b46e0
Event: 1.901 Thread 0x00000213eb9900f0 Thread exited: 0x00000213eb9900f0
Event: 1.901 Thread 0x00000213eb900870 Thread exited: 0x00000213eb900870
Event: 1.901 Thread 0x00000213eb9000a0 Thread exited: 0x00000213eb9000a0
Event: 1.901 Thread 0x00000213eb8ff8d0 Thread exited: 0x00000213eb8ff8d0
Event: 1.901 Thread 0x00000213eb98e1b0 Thread exited: 0x00000213eb98e1b0
Event: 1.901 Thread 0x00000213eb4771f0 Thread exited: 0x00000213eb4771f0
Event: 1.901 Thread 0x00000213eb9b5680 Thread exited: 0x00000213eb9b5680
Event: 1.932 Thread 0x00000213b4ad8d40 Thread added: 0x00000213ebc89940
Event: 1.937 Thread 0x00000213ebc89940 Thread exited: 0x00000213ebc89940
Event: 2.401 Thread 0x00000213e4d23300 Thread added: 0x00000213eae2f1b0
Event: 2.401 Thread 0x00000213e4d23300 Thread added: 0x00000213eae33a40
Event: 2.574 Thread 0x00000213e4d202a0 Thread added: 0x00000213eae34250
Event: 2.623 Thread 0x00000213eae33a40 Thread added: 0x00000213eae33230
Event: 3.753 Thread 0x00000213b4ad8d40 Thread added: 0x00000213ed460510
Event: 3.829 Thread 0x00000213b4ad8d40 Thread added: 0x00000213e4f11270


Dynamic libraries:
0x00007ff640c70000 - 0x00007ff640c80000 	C:\Program Files\Java\jdk-25.0.3\bin\java.exe
0x00007ff8ced80000 - 0x00007ff8cefe6000 	C:\WINDOWS\SYSTEM32\ntdll.dll
0x00007ff883720000 - 0x00007ff883741000 	C:\Program Files\Norton\Suite\aswhook.dll
0x00007ff8ce100000 - 0x00007ff8ce1c9000 	C:\WINDOWS\System32\KERNEL32.DLL
0x00007ff8cc540000 - 0x00007ff8cc93a000 	C:\WINDOWS\System32\KERNELBASE.dll
0x00007ff8cc150000 - 0x00007ff8cc29c000 	C:\WINDOWS\System32\ucrtbase.dll
0x00007ff8b22d0000 - 0x00007ff8b22e7000 	C:\Program Files\Java\jdk-25.0.3\bin\jli.dll
0x00007ff8b2270000 - 0x00007ff8b228e000 	C:\Program Files\Java\jdk-25.0.3\bin\VCRUNTIME140.dll
0x00007ff8cd6c0000 - 0x00007ff8cd887000 	C:\WINDOWS\System32\USER32.dll
0x00007ff8cc940000 - 0x00007ff8cc967000 	C:\WINDOWS\System32\win32u.dll
0x00007ff8ccaf0000 - 0x00007ff8ccb1b000 	C:\WINDOWS\System32\GDI32.dll
0x00007ff8a5f20000 - 0x00007ff8a61b2000 	C:\WINDOWS\WinSxS\amd64_microsoft.windows.common-controls_6595b64144ccf1df_6.0.26100.8521_none_3e08b75ce33403b3\COMCTL32.dll
0x00007ff8cc2a0000 - 0x00007ff8cc3cb000 	C:\WINDOWS\System32\gdi32full.dll
0x00007ff8cec30000 - 0x00007ff8cecd9000 	C:\WINDOWS\System32\msvcrt.dll
0x00007ff8cc3d0000 - 0x00007ff8cc473000 	C:\WINDOWS\System32\msvcp_win.dll
0x00007ff8cde90000 - 0x00007ff8cdec2000 	C:\WINDOWS\System32\IMM32.DLL
0x00007ff8b22c0000 - 0x00007ff8b22cc000 	C:\Program Files\Java\jdk-25.0.3\bin\vcruntime140_1.dll
0x00007ff86ab80000 - 0x00007ff86ac0d000 	C:\Program Files\Java\jdk-25.0.3\bin\msvcp140.dll
0x00007ff812dc0000 - 0x00007ff813c20000 	C:\Program Files\Java\jdk-25.0.3\bin\server\jvm.dll
0x00007ff8cddd0000 - 0x00007ff8cde86000 	C:\WINDOWS\System32\ADVAPI32.dll
0x00007ff8cd890000 - 0x00007ff8cd93a000 	C:\WINDOWS\System32\sechost.dll
0x00007ff8cdee0000 - 0x00007ff8cdff8000 	C:\WINDOWS\System32\RPCRT4.dll
0x00007ff8cd1a0000 - 0x00007ff8cd220000 	C:\WINDOWS\System32\WS2_32.dll
0x00007ff8cbc00000 - 0x00007ff8cbc5e000 	C:\WINDOWS\SYSTEM32\POWRPROF.dll
0x00007ff8c3ed0000 - 0x00007ff8c3edb000 	C:\WINDOWS\SYSTEM32\VERSION.dll
0x00007ff8bce80000 - 0x00007ff8bceb6000 	C:\WINDOWS\SYSTEM32\WINMM.dll
0x00007ff8cba20000 - 0x00007ff8cba34000 	C:\WINDOWS\SYSTEM32\UMPDC.dll
0x00007ff8cada0000 - 0x00007ff8cadbb000 	C:\WINDOWS\SYSTEM32\kernel.appcore.dll
0x00007ff8b21d0000 - 0x00007ff8b21da000 	C:\Program Files\Java\jdk-25.0.3\bin\jimage.dll
0x00007ff8bd8c0000 - 0x00007ff8bdb02000 	C:\WINDOWS\SYSTEM32\DBGHELP.DLL
0x00007ff8ccd40000 - 0x00007ff8cd0c3000 	C:\WINDOWS\System32\combase.dll
0x00007ff8cd5e0000 - 0x00007ff8cd6b9000 	C:\WINDOWS\System32\OLEAUT32.dll
0x00007ff8bd750000 - 0x00007ff8bd78b000 	C:\WINDOWS\SYSTEM32\dbgcore.DLL
0x00007ff8cc010000 - 0x00007ff8cc0b8000 	C:\WINDOWS\System32\bcryptPrimitives.dll
0x00007ff898c90000 - 0x00007ff898ccd000 	C:\Program Files\Java\jdk-25.0.3\bin\jdwp.dll
0x00007ff8b2110000 - 0x00007ff8b2120000 	C:\Program Files\Java\jdk-25.0.3\bin\instrument.dll
0x00007ff8b16b0000 - 0x00007ff8b16cf000 	C:\Program Files\Java\jdk-25.0.3\bin\java.dll
0x00007ff8ccb20000 - 0x00007ff8cccb8000 	C:\WINDOWS\System32\ole32.dll
0x00007ff8ce3e0000 - 0x00007ff8ceb64000 	C:\WINDOWS\System32\SHELL32.dll
0x00007ff8a6890000 - 0x00007ff8a68a7000 	C:\Program Files\Java\jdk-25.0.3\bin\zip.dll
0x00007ff8c9c10000 - 0x00007ff8ca490000 	C:\WINDOWS\SYSTEM32\windows.storage.dll
0x00007ff8ce200000 - 0x00007ff8ce2f6000 	C:\WINDOWS\System32\SHCORE.dll
0x00007ff8cd570000 - 0x00007ff8cd5d7000 	C:\WINDOWS\System32\shlwapi.dll
0x00007ff8cbf30000 - 0x00007ff8cbf59000 	C:\WINDOWS\SYSTEM32\profapi.dll
0x00007ff8b2100000 - 0x00007ff8b210c000 	C:\Program Files\Java\jdk-25.0.3\bin\dt_socket.dll
0x00007ff8ca7a0000 - 0x00007ff8ca7d3000 	C:\WINDOWS\SYSTEM32\IPHLPAPI.DLL
0x00007ff8cb310000 - 0x00007ff8cb37c000 	C:\WINDOWS\system32\mswsock.dll
0x00007ff8a2e30000 - 0x00007ff8a2e42000 	C:\Program Files\Java\jdk-25.0.3\bin\net.dll
0x00007ff896cc0000 - 0x00007ff896cd6000 	C:\Program Files\Java\jdk-25.0.3\bin\nio.dll
0x00007ff8b1890000 - 0x00007ff8b18a0000 	C:\Program Files\Java\jdk-25.0.3\bin\verify.dll
0x00007ff8adad0000 - 0x00007ff8adada000 	C:\Program Files\Java\jdk-25.0.3\bin\management.dll
0x00007ff8a3c80000 - 0x00007ff8a3c8c000 	C:\Program Files\Java\jdk-25.0.3\bin\management_ext.dll
0x00007ff8cd190000 - 0x00007ff8cd198000 	C:\WINDOWS\System32\PSAPI.DLL
0x00007ff8a93f0000 - 0x00007ff8a9408000 	C:\WINDOWS\system32\napinsp.dll
0x00007ff8ca7e0000 - 0x00007ff8ca92a000 	C:\WINDOWS\SYSTEM32\DNSAPI.dll
0x00007ff8cb130000 - 0x00007ff8cb13d000 	C:\WINDOWS\SYSTEM32\DSPARSE.dll
0x00007ff8ceb70000 - 0x00007ff8ceb7a000 	C:\WINDOWS\System32\NSI.dll
0x00007ff8a9410000 - 0x00007ff8a9423000 	C:\WINDOWS\System32\winrnr.dll
0x00007ff8a9430000 - 0x00007ff8a9452000 	C:\WINDOWS\system32\nlansp_c.dll
0x00007ff8c44e0000 - 0x00007ff8c44f6000 	C:\WINDOWS\system32\wshbth.dll
0x00007ff8b4ab0000 - 0x00007ff8b4abb000 	C:\Windows\System32\rasadhlp.dll
0x00007ff8c3fb0000 - 0x00007ff8c4036000 	C:\WINDOWS\System32\fwpuclnt.dll
0x00007ff8cb600000 - 0x00007ff8cb61b000 	C:\WINDOWS\SYSTEM32\CRYPTSP.dll
0x00007ff8cad00000 - 0x00007ff8cad39000 	C:\WINDOWS\system32\rsaenh.dll
0x00007ff8cb3c0000 - 0x00007ff8cb3f3000 	C:\WINDOWS\SYSTEM32\USERENV.dll
0x00007ff8cbf00000 - 0x00007ff8cbf2a000 	C:\WINDOWS\SYSTEM32\bcrypt.dll
0x00007ff8cb5f0000 - 0x00007ff8cb5fc000 	C:\WINDOWS\SYSTEM32\CRYPTBASE.dll
0x00007ff89e420000 - 0x00007ff89e469000 	C:\Users\Owner\AppData\Local\Temp\jna--823301853\jna14053778591391639749.dll
0x00007ff8cd0d0000 - 0x00007ff8cd17e000 	C:\WINDOWS\System32\clbcatq.dll
0x00007ff8a67b0000 - 0x00007ff8a67c2000 	C:\WINDOWS\system32\wbem\wbemprox.dll
0x00007ff8a6730000 - 0x00007ff8a67aa000 	C:\WINDOWS\SYSTEM32\wbemcomn.dll

JVMTI agents:
jdwp path:C:\Program Files\Java\jdk-25.0.3\bin\jdwp.dll, loaded, initialized, options:transport=dt_socket,server=n,suspend=y,address=127.0.0.1:50922
C:\Users\Owner\AppData\Local\JetBrains\IntelliJIdea2026.1\captureAgent\debugger-agent.jar path:C:\Program Files\Java\jdk-25.0.3\bin\instrument.dll, loaded, initialized, instrumentlib options:file:///C:/Users/Owner/AppData/Local/Temp/capture4267192982392649824.props

dbghelp: loaded successfully - version: 4.0.5 - missing functions: none
symbol engine: initialized successfully - sym options: 0x614 - pdb path: .;C:\Program Files\Java\jdk-25.0.3\bin;C:\WINDOWS\SYSTEM32;C:\Program Files\Norton\Suite;C:\WINDOWS\WinSxS\amd64_microsoft.windows.common-controls_6595b64144ccf1df_6.0.26100.8521_none_3e08b75ce33403b3;C:\Program Files\Java\jdk-25.0.3\bin\server;C:\Users\Owner\AppData\Local\Temp\jna--823301853

VM Arguments:
jvm_args: -Ddebugger.agent.enable.coroutines=true -Ddebugger.async.stack.trace.for.all.threads=true -Dfabric.dli.config=J:\minecraft@@0020orgenal@@0020mod@@0020with@@0020GPT\the_end_of_dragon\fabric\.gradle\loom-cache\launch.cfg -Dfabric.dli.env=client -Dfabric.dli.main=net.fabricmc.loader.impl.launch.knot.KnotClient -Dkotlinx.coroutines.debug.enable.creation.stack.trace=false -Dkotlinx.coroutines.debug.enable.flows.stack.trace=true -Dkotlinx.coroutines.debug.enable.mutable.state.flows.stack.trace=true --sun-misc-unsafe-memory-access=allow --enable-native-access=ALL-UNNAMED -agentlib:jdwp=transport=dt_socket,server=n,suspend=y,address=127.0.0.1:50922 -javaagent:C:\Users\Owner\AppData\Local\JetBrains\IntelliJIdea2026.1\captureAgent\debugger-agent.jar=file:///C:/Users/Owner/AppData/Local/Temp/capture4267192982392649824.props -Dfile.encoding=UTF-8 -Duser.country=JP -Duser.language=ja -Duser.variant 
java_command: net.fabricmc.devlaunchinjector.Main
java_class_path (initial): J:\minecraft orgenal mod with GPT\the_end_of_dragon\fabric\build\classes\java\client;J:\minecraft orgenal mod with GPT\the_end_of_dragon\fabric\build\resources\client;C:\Users\Owner\.gradle\caches\modules-2\files-2.1\net.fabricmc\fabric-loader\0.18.6\b823a25197a42c7f32bb904f187cd05730e8873c\fabric-loader-0.18.6.jar;C:\Users\Owner\.gradle\caches\modules-2\files-2.1\net.fabricmc.fabric-api\fabric-api\0.145.4+26.1.2\f6a5958eae1644ce8e8622b513bc6a795594675b\fabric-api-0.145.4+26.1.2.jar;C:\Users\Owner\.gradle\caches\modules-2\files-2.1\curse.maven\geckolib-388172\7806318\b0c7f6888470b521f615842219d082782b5ae816\geckolib-388172-7806318.jar;C:\Users\Owner\.gradle\caches\modules-2\files-2.1\org.ow2.asm\asm\9.9\c29635c8a7afa03d74b33c1884df8abb2b3f3dcc\asm-9.9.jar;C:\Users\Owner\.gradle\caches\modules-2\files-2.1\org.ow2.asm\asm-analysis\9.9\bf4fa6e66638851c1cd22c2caea0c3ee5d5f437\asm-analysis-9.9.jar;C:\Users\Owner\.gradle\caches\modules-2\files-2.1\org.ow2.asm\asm-commons\9.9\db9165a3bf908ded6b08612d583a15d1d0c7bda0\asm-commons-9.9.jar;C:\Users\Owner\.gradle\caches\modules-2\files-2.1\org.ow2.asm\asm-tree\9.9\f8de6eead6d24dd0f45bd065bbe112b2cda6ea21\asm-tree-9.9.jar;C:\Users\Owner\.gradle\caches\modules-2\files-2.1\org.ow2.asm\asm-util\9.9\42fdfc0508b43807c8078d6e82ecff2ce2112ae8\asm-util-9.9.jar;C:\Users\Owner\.gradle\caches\modules-2\files-2.1\net.fabricmc\sponge-mixin\0.17.0+mixin.0.8.7\cf31463202f72d03b0ef1e1e38e8ee71b7faaab6\sponge-mixin-0.17.0+mixin.0.8.7.jar;C:\Users\Owner\.gradle\caches\modules-2\files-2.1\io.github.llamalad7\mixinextras-fabric\0.5.3\8ee5af001acbc9f7970e383bdf0944d063c80f63\mixinextras-fabric-0.5.3.jar;C:\Users\Owner\.gradle\caches\modules-2\files-2.1\net.fabricmc\dev-launch-injector\0.2.1+build.8\da8bef7e6e2f952da707f282bdb46882a0fce5e3\dev-launch-injector-0.2.1+build.8.jar;C:\Users\Owner\.gradle\caches\modules-2\files-2.1\net.fabricmc\fabric-log4j-util\1.0.2\ef0b3fb613356feb75a67d54f2fad6f03a006648\fabric-log4j-util-1.0.2.jar;C:\Users\Owner\.gradle\caches\modules-2\files-2.1\at.yawk.lz4\lz4-java\1.10.1\f541d7f910fe3d76f38f799c507c48cc81b12ecb\lz4-java-1.10.1.jar;C:\Users\Owner\.gradle\caches\modules-2\files-2.1\com.azure\azure-json\1.4.0\fcc1d354dbc3e0300e5276b1bf124d0247799cd8\azure-json-1.4.0.jar;C:\Users\Owner\.gradle\caches\modules-2\files-2.1\com.github.oshi\oshi-core\6.9.0\3224870731860cfcd7744581a05b559e94291e7\oshi-core-6.9.0.jar;C:\Users\Owner\.gradle\caches\modules-2\files-2.1\com.google.code.gson\gson\2.13.2\48b8230771e573b54ce6e867a9001e75977fe78e\gson-2.13.2.jar;C:\Users\Owner\.gradle\caches\modules-2\files-2.1\com.google.guava\failureaccess\1.0.3\aeaffd00d57023a2c947393ed251f0354f0985fc\failureaccess-1.0.3.jar;C:\Users\Owner\.gradle\caches\modules-2\files-2.1\com.google.guava\guava\33.5.0-jre\8699de25f2f979108d6c1b804a7ba38cda1116bc\guava-33.5.0-jre.jar;C:\Users\Owner\.gradle\caches\modules-2\files-2.1\com.ibm.icu\icu4j\77.1\38693cf0b1d7362a8b726af74dc06026a7c23809\icu4j-77.1.jar;C:\Users\Owner\.gradle\caches\modules-2\files-2.1\com.microsoft.azure\msal4j\1.23.1\6c722b514873b24a4e1ce9c22dca36ea3c22bdbe\msal4j-1.23.1.jar;C:\Users\Owner\.gradle\caches\modules-2\files-2.1\com.mojang\authlib\7.0.63\54895b4e25e8b9b4cbbbe25f24eccf2b71b1ac2b\authlib-7.0.63.jar;C:\Users\Owner\.gradle\caches\modules-2\files-2.1\com.mojang\blocklist\1.0.10\5c685c5ffa94c4cd39496c7184c1d122e515ecef\blocklist-1.0.10.jar;C:\Users\Owner\.gradle\caches\modules-2\files-2.1\com.mojang\brigadier\1.3.10\d15b53a14cf20fdcaa98f731af5dda654452c010\brigadier-1.3.10.jar;C:\Users\Owner\.gradle\caches\modules-2\files-2.1\com.mojang\datafixerupper\9.0.19\4e91f9712fa1e83231d1501625381b0210a977da\datafixerupper-9.0.19.jar;C:\Users\Owner\.gradle\caches\modules-2\files-2.1\com.mojang\jtracy\1.0.37\a3fb649b2e2b2288d2978f0b0bc3d83f62809d1e\jtracy-1.0.37.jar;C:\Users\Owner\.gradle\caches\modules-2\files-2.1\com.mojang\jtracy\1.0.37\6ff6d710fd4ffd470f2799653fab57e27fed0c9d\jtracy-1.0.37-natives-windows.jar;C:\Users\Owner\.gradle\caches\modules-2\files-2.1\com.mojang\logging\1.6.11\fd147240733010c158249d986323f9ef98977fe\logging-1.6.11.jar;C:\Users\Owner\.gradle\caches\modules-2\files-2.1\com.mojang\patchy\2.2.10\da05971b07cbb379d002cf7eaec6a2048211fefc\patchy-2.2.10.jar;C:\Users\Owner\.gradle\caches\modules-2\files-2.1\com.mojang\text2speech\1.18.11\e853a12cdd6ba4f4836e8f4bf3b37844a13482b6\text2speech-1.18.11.jar;C:\Users\Owner\.gradle\caches\modules-2\files-2.1\commons-codec\commons-codec\1.19.0\8c0dbe3ae883fceda9b50a6c76e745e548073388\commons-codec-1.19.0.jar;C:\Users\Owner\.gradle\caches\modules-2\files-2.1\commons-io\commons-io\2.20.0\36f3474daec2849c149e877614e7f979b2082cd2\commons-io-2.20.0.jar;C:\Users\Owner\.gradle\caches\modules-2\files-2.1\io.netty\netty-buffer\4.2.7.Final\5555ff561643bf2f8430fb57c24403c0efe15994\netty-buffer-4.2.7.Final.jar;C:\Users\Owner\.gradle\caches\modules-2\files-2.1\io.netty\netty-codec-base\4.2.7.Final\915e381ebabcf115f1c7ff7032d55c48afb50210\netty-codec-base-4.2.7.Final.jar;C:\Users\Owner\.gradle\caches\modules-2\files-2.1\io.netty\netty-codec-compression\4.2.7.Final\572341bc1ca90fd9d6e47f1d2694aab5258566e9\netty-codec-compression-4.2.7.Final.jar;C:\Users\Owner\.gradle\caches\modules-2\files-2.1\io.netty\netty-codec-http\4.2.7.Final\b734c108854099c421fd94d92d9f865e4d4da853\netty-codec-http-4.2.7.Final.jar;C:\Users\Owner\.gradle\caches\modules-2\files-2.1\io.netty\netty-common\4.2.7.Final\11aa30df26af4fca3239ac1917f303a280f301e1\netty-common-4.2.7.Final.jar;C:\Users\Owner\.gradle\caches\modules-2\files-2.1\io.netty\netty-handler\4.2.7.Final\7ad8a1f851e2e6fe93cdd091871fda2b81c03b5b\netty-handler-4.2.7.Final.jar;C:\Users\Owner\.gradle\caches\modules-2\files-2.1\io.netty\netty-resolver\4.2.7.Final\5f3e5ef8de03992cd4fb46960dc0085ec1a12a12\netty-resolver-4.2.7.Final.jar;C:\Users\Owner\.gradle\caches\modules-2\files-2.1\io.netty\netty-transport-classes-epoll\4.2.7.Final\1075c09f48a78eef9d819fbfd9096b903fdd362a\netty-transport-classes-epoll-4.2.7.Final.jar;C:\Users\Owner\.gradle\caches\modules-2\files-2.1\io.netty\netty-transport-classes-kqueue\4.2.7.Final\bdec7c23c75caabd848426d073c09568e8d5f94e\netty-transport-classes-kqueue-4.2.7.Final.jar;C:\Users\Owner\.gradle\caches\modules-2\files-2.1\io.netty\netty-transport-native-unix-common\4.2.7.Final\89953f04259ea7502cffb313630dd51e00e60669\netty-transport-native-unix-common-4.2.7.Final.jar;C:\Users\Owner\.gradle\caches\modules-2\files-2.1\io.netty\netty-transport\4.2.7.Final\83ea548981d0d8c4a98027cc1a6f9624f902e142\netty-transport-4.2.7.Final.jar;C:\Users\Owner\.gradle\caches\modules-2\files-2.1\it.unimi.dsi\fastutil\8.5.18\a6cff377eecc19c2037bf31568a6d7106b50ba1f\fastutil-8.5.18.jar;C:\Users\Owner\.gradle\caches\modules-2\files-2.1\net.java.dev.jna\jna-platform\5.17.0\a4934c44d25a9d8c2ddf4203affd20330cb3426f\jna-platform-5.17.0.jar;C:\Users\Owner\.gradle\caches\modules-2\files-2.1\net.java.dev.jna\jna\5.17.0\33d12735bef894440780fce64f9758d420c7bae2\jna-5.17.0.jar;C:\Users\Owner\.gradle\caches\modules-2\files-2.1\net.sf.jopt-simple\jopt-simple\5.0.4\4fdac2fbe92dfad86aa6e9301736f6b4342a3f5c\jopt-simple-5.0.4.jar;C:\Users\Owner\.gradle\caches\modules-2\files-2.1\org.apache.commons\commons-compress\1.28.0\e482f2c7a88dac3c497e96aa420b6a769f59c8d7\commons-compress-1.28.0.jar;C:\Users\Owner\.gradle\caches\modules-2\files-2.1\org.apache.commons\commons-lang3\3.19.0\d6524b169a6574cd253760c472d419b47bfd37e6\commons-lang3-3.19.0.jar;C:\Users\Owner\.gradle\caches\modules-2\files-2.1\org.apache.logging.log4j\log4j-api\2.25.2\292c1a2b1702f1e1e3adb13e1c57e5bff60335ff\log4j-api-2.25.2.jar;C:\Users\Owner\.gradle\caches\modules-2\files-2.1\org.apache.logging.log4j\log4j-core\2.25.2\d4d0ad2e51e03e531f784891fbfff1bae1e13a12\log4j-core-2.25.2.jar;C:\Users\Owner\.gradle\caches\modules-2\files-2.1\org.apache.logging.log4j\log4j-slf4j2-impl\2.25.2\5eec0c392661dee8a366baec17e8896900dd978f\log4j-slf4j2-impl-2.25.2.jar;C:\Users\Owner\.gradle\caches\modules-2\files-2.1\org.jcraft\jorbis\0.0.17\8872d22b293e8f5d7d56ff92be966e6dc28ebdc6\jorbis-0.0.17.jar;C:\Users\Owner\.gradle\caches\modules-2\files-2.1\org.joml\joml\1.10.8\fc0a71dad90a2cf41d82a76156a0e700af8e4f8d\joml-1.10.8.jar;C:\Users\Owner\.gradle\caches\modules-2\files-2.1\org.jspecify\jspecify\1.0.0\7425a601c1c7ec76645a78d22b8c6a627edee507\jspecify-1.0.0.jar;C:\Users\Owner\.gradle\caches\modules-2\files-2.1\org.lwjgl\lwjgl-freetype\3.4.1\caa75a37e857efc9b0686e434d708d6420c5b6ea\lwjgl-freetype-3.4.1.jar;C:\Users\Owner\.gradle\caches\modules-2\files-2.1\org.lwjgl\lwjgl-freetype\3.4.1\32fc9cfd236aca5433d53af78bfb15f1b4c1103e\lwjgl-freetype-3.4.1-natives-windows.jar;C:\Users\Owner\.gradle\caches\modules-2\files-2.1\org.lwjgl\lwjgl-freetype\3.4.1\a677b4a7bba84f925b4cc4f52a58c5248974bdeb\lwjgl-freetype-3.4.1-natives-windows-arm64.jar;C:\Users\Owner\.gradle\caches\modules-2\files-2.1\org.lwjgl\lwjgl-freetype\3.4.1\81431d868bcf162d4c915b9c39b2c7aae155ad4f\lwjgl-freetype-3.4.1-natives-windows-x86.jar;C:\Users\Owner\.gradle\caches\modules-2\files-2.1\org.lwjgl\lwjgl-glfw\3.4.1\a782b1ddd175c9107bf300fd92920579ea65e2a4\lwjgl-glfw-3.4.1.jar;C:\Users\Owner\.gradle\caches\modules-2\files-2.1\org.lwjgl\lwjgl-glfw\3.4.1\2eb4aa895ea190ba8cf4356f8cea24d3ebb40ea1\lwjgl-glfw-3.4.1-natives-windows.jar;C:\Users\Owner\.gradle\caches\modules-2\files-2.1\org.lwjgl\lwjgl-glfw\3.4.1\196101d96d9b2aa73264a96ae1dc8944a1446cee\lwjgl-glfw-3.4.1-natives-windows-arm64.jar;C:\Users\Owner\.gradle\caches\modules-2\files-2.1\org.lwjgl\lwjgl-glfw\3.4.1\a48bbdd544f00c88f8906e9d09e3f31bc1c17fac\lwjgl-glfw-3.4.1-natives-windows-x86.jar;C:\Users\Owner\.gradle\caches\modules-2\files-2.1\org.lwjgl\lwjgl-jemalloc\3.4.1\16b663092854fc6adfe0a941e61cae2bb2e437b6\lwjgl-jemalloc-3.4.1.jar;C:\Users\Owner\.gradle\caches\modules-2\files-2.1\org.lwjgl\lwjgl-jemalloc\3.4.1\70db8048d1aca8a6365f46f9963b8d6cd77b9e94\lwjgl-jemalloc-3.4.1-natives-windows.jar;C:\Users\Owner\.gradle\caches\modules-2\files-2.1\org.lwjgl\lwjgl-jemalloc\3.4.1\662e0926dd990f679e1cfb31d710d22d175bdabc\lwjgl-jemalloc-3.4.1-natives-windows-arm64.jar;C:\Users\Owner\.gradle\caches\modules-2\files-2.1\org.lwjgl\lwjgl-jemalloc\3.4.1\d8cf69e1155df83260f9bbe01944fe91f8ca3955\lwjgl-jemalloc-3.4.1-natives-windows-x86.jar;C:\Users\Owner\.gradle\caches\modules-2\files-2.1\org.lwjgl\lwjgl-openal\3.4.1\8508bd60589de0539aa465b78fcf838efd07ae9a\lwjgl-openal-3.4.1.jar;C:\Users\Owner\.gradle\caches\modules-2\files-2.1\org.lwjgl\lwjgl-openal\3.4.1\8e83fdfdf65c80c9877c6fb6cb645d239ed7638\lwjgl-openal-3.4.1-natives-windows.jar;C:\Users\Owner\.gradle\caches\modules-2\files-2.1\org.lwjgl\lwjgl-openal\3.4.1\4b996cc3321a807ee34e7ce53aba7fe529dc485a\lwjgl-openal-3.4.1-natives-windows-arm64.jar;C:\Users\Owner\.gradle\caches\modules-2\files-2.1\org.lwjgl\lwjgl-openal\3.4.1\9e4bab87e9b89876fa77ea3c19e1b45334b97c10\lwjgl-openal-3.4.1-natives-windows-x86.jar;C:\Users\Owner\.gradle\caches\modules-2\files-2.1\org.lwjgl\lwjgl-opengl\3.4.1\830412cab823c029cda6b9729f9d2ed36cf79959\lwjgl-opengl-3.4.1.jar;C:\Users\Owner\.gradle\caches\modules-2\files-2.1\org.lwjgl\lwjgl-opengl\3.4.1\617f37ef4e2ffb727bd5e74333e8073ef43ca1ec\lwjgl-opengl-3.4.1-natives-windows.jar;C:\Users\Owner\.gradle\caches\modules-2\files-2.1\org.lwjgl\lwjgl-opengl\3.4.1\4b6a9c5d7d5325312b740d9886087b7292b43bf9\lwjgl-opengl-3.4.1-natives-windows-arm64.jar;C:\Users\Owner\.gradle\caches\modules-2\files-2.1\org.lwjgl\lwjgl-opengl\3.4.1\cfd47352b758a0c9f7046de467b103182ec77eb1\lwjgl-opengl-3.4.1-natives-windows-x86.jar;C:\Users\Owner\.gradle\caches\modules-2\files-2.1\org.lwjgl\lwjgl-stb\3.4.1\f077c3dafc31924fbe8acb0b913f08977ba27f8e\lwjgl-stb-3.4.1.jar;C:\Users\Owner\.gradle\caches\modules-2\files-2.1\org.lwjgl\lwjgl-stb\3.4.1\b4e13ece83c228ecf57354639d8555076a989d74\lwjgl-stb-3.4.1-natives-windows.jar;C:\Users\Owner\.gradle\caches\modules-2\files-2.1\org.lwjgl\lwjgl-stb\3.4.1\7f4c39b3d56c7bae4900ee6e59d8f75432bdb18f\lwjgl-stb-3.4.1-natives-windows-arm64.jar;C:\Users\Owner\.gradle\caches\modules-2\files-2.1\org.lwjgl\lwjgl-stb\3.4.1\e091cd3b25ab7db88f0e34a0d2797dc396a528fa\lwjgl-stb-3.4.1-natives-windows-x86.jar;C:\Users\Owner\.gradle\caches\modules-2\files-2.1\org.lwjgl\lwjgl-tinyfd\3.4.1\562697d40dbd2ed0424bf24dcf65d51170f81adf\lwjgl-tinyfd-3.4.1.jar;C:\Users\Owner\.gradle\caches\modules-2\files-2.1\org.lwjgl\lwjgl-tinyfd\3.4.1\bdd8c03151cc94460247986f843d134ae8f9406a\lwjgl-tinyfd-3.4.1-natives-windows.jar;C:\Users\Owner\.gradle\caches\modules-2\files-2.1\org.lwjgl\lwjgl-tinyfd\3.4.1\9c93b8211856bfe682f3225ccac811e74243f98e\lwjgl-tinyfd-3.4.1-natives-windows-arm64.jar;C:\Users\Owner\.gradle\caches\modules-2\files-2.1\org.lwjgl\lwjgl-tinyfd\3.4.1\f585da74a17695ba38351697712c03784ee1348b\lwjgl-tinyfd-3.4.1-natives-windows-x86.jar;C:\Users\Owner\.gradle\caches\modules-2\files-2.1\org.lwjgl\lwjgl\3.4.1\6105690714874b995aa7812e4f7732a21109276c\lwjgl-3.4.1.jar;C:\Users\Owner\.gradle\caches\modules-2\files-2.1\org.lwjgl\lwjgl\3.4.1\96a217f0428ab73487f114a54179a4f41e851a04\lwjgl-3.4.1-natives-windows.jar;C:\Users\Owner\.gradle\caches\modules-2\files-2.1\org.lwjgl\lwjgl\3.4.1\d1d3a7052da47ccde2a5fdf3a1bd45d801c3157c\lwjgl-3.4.1-natives-windows-arm64.jar;C:\Users\Owner\.gradle\caches\modules-2\files-2.1\org.lwjgl\lwjgl\3.4.1\65de43bd52507e108a58247c0da57a50ce3ee6f6\lwjgl-3.4.1-natives-windows-x86.jar;C:\Users\Owner\.gradle\caches\modules-2\files-2.1\org.slf4j\slf4j-api\2.0.17\d9e58ac9c7779ba3bf8142aff6c830617a7fe60f\slf4j-api-2.0.17.jar;J:\minecraft orgenal mod with GPT\the_end_of_dragon\.gradle\loom-cache\minecraftMaven\net\minecraft\minecraft-clientOnly-39a6175d73\26.1.2\minecraft-clientOnly-39a6175d73-26.1.2.jar;J:\minecraft orgenal mod with GPT\the_end_of_dragon\.gradle\loom-cache\minecraftMaven\net\minecraft\minecraft-common-39a6175d73\26.1.2\minecraft-common-39a6175d73-26.1.2.jar;C:\Users\Owner\.gradle\caches\modules-2\files-2.1\io.netty\netty-transport-native-epoll\4.2.7.Final\e83998bfc10b5289d9bcbe807c4079ef0eed8e6f\netty-transport-native-epoll-4.2.7.Final-linux-x86_64.jar;C:\Users\Owner\.gradle\caches\modules-2\files-2.1\io.netty\netty-transport-native-epoll\4.2.7.Final\98d02251c98c8f07a23ac5ea27657d9e0ef57614\netty-transport-native-epoll-4.2.7.Final-linux-aarch_64.jar;C:\Users\Owner\.gradle\caches\modules-2\files-2.1\io.netty\netty-transport-native-kqueue\4.2.7.Final\40868fd4e43bce2798245f790624b58803dc26b6\netty-transport-native-kqueue-4.2.7.Final-osx-x86_64.jar;C:\Users\Owner\.gradle\caches\modules-2\files-2.1\io.netty\netty-transport-native-kqueue\4.2.7.Final\e5a0feef41410c8a5ae00c6cb4e0c99bd0aded6a\netty-transport-native-kqueue-4.2.7.Final-osx-aarch_64.jar;C:\Users\Owner\.gradle\caches\modules-2\files-2.1\net.fabricmc.fabric-api\fabric-transfer-api-v1\8.0.2+d871b99e39\91b9b1733feeb9234602e11b6144d2bc019bf4b0\fabric-transfer-api-v1-8.0.2+d871b99e39.jar;C:\Users\Owner\.gradle\caches\modules-2\files-2.1\net.fabricmc.fabric-api\fabric-api-lookup-api-v1\2.0.10+d5a053b639\b961c1555ea0947153d6b2d0138f7181b88747d\fabric-api-lookup-api-v1-2.0.10+d5a053b639.jar;C:\Users\Owner\.gradle\caches\modules-2\files-2.1\net.fabricmc.fabric-api\fabric-command-api-v2\3.0.5+e2bdee7839\10548ff2b7c417dfd62d46f7997bcab48f3853cd\fabric-command-api-v2-3.0.5+e2bdee7839.jar;C:\Users\Owner\.gradle\caches\modules-2\files-2.1\net.fabricmc.fabric-api\fabric-content-registries-v0\11.0.12+d871b99e39\d1463c10d511d2542482173d339e9cf5709043bd\fabric-content-registries-v0-11.0.12+d871b99e39.jar;C:\Users\Owner\.gradle\caches\modules-2\files-2.1\net.fabricmc.fabric-api\fabric-data-generation-api-v1\24.0.17+35c80edc39\d9f07782c42dbde190d6c07099d529ede41680a6\fabric-data-generation-api-v1-24.0.17+35c80edc39.jar;C:\Users\Owner\.gradle\caches\modules-2\files-2.1\net.fabricmc.fabric-api\fabric-convention-tags-v2\4.3.2+c37e6e5f39\4f46111a925877d1559c41f03223f06b4da3a715\fabric-convention-tags-v2-4.3.2+c37e6e5f39.jar;C:\Users\Owner\.gradle\caches\modules-2\files-2.1\net.fabricmc.fabric-api\fabric-creative-tab-api-v1\5.0.10+d871b99e39\8632530aae80afe84e60adcea9eed6d6e565df95\fabric-creative-tab-api-v1-5.0.10+d871b99e39.jar;C:\Users\Owner\.gradle\caches\modules-2\files-2.1\net.fabricmc.fabric-api\fabric-data-attachment-api-v1\2.2.3+d602a89639\e84f7afd85bb086cdc440e6e6a683a0cbb8b923d\fabric-data-attachment-api-v1-2.2.3+d602a89639.jar;C:\Users\Owner\.gradle\caches\modules-2\files-2.1\net.fabricmc.fabric-api\fabric-debug-api-v1\1.0.1+c792624d39\b9791fbdbee04e19b22683871085a2afa77ffd59\fabric-debug-api-v1-1.0.1+c792624d39.jar;C:\Users\Owner\.gradle\caches\modules-2\files-2.1\net.fabricmc.fabric-api\fabric-dimensions-v1\5.1.4+9cbf5da539\dbdfd36291b0d22031c64e1e55f8a2cb283e9337\fabric-dimensions-v1-5.1.4+9cbf5da539.jar;C:\Users\Owner\.gradle\caches\modules-2\files-2.1\net.fabricmc.fabric-api\fabric-entity-events-v1\5.0.2+e2bdee7839\4351ed2fcdfa0c8b7a3d2c36a46670ed461af3a0\fabric-entity-events-v1-5.0.2+e2bdee7839.jar;C:\Users\Owner\.gradle\caches\modules-2\files-2.1\net.fabricmc.fabric-api\fabric-events-interaction-v0\5.1.10+c82f046139\9b5b7d40f9bda0a9eb0ed595974c63bd077a2d23\fabric-events-interaction-v0-5.1.10+c82f046139.jar;C:\Users\Owner\.gradle\caches\modules-2\files-2.1\net.fabricmc.fabric-api\fabric-game-rule-api-v1\4.0.5+d871b99e39\a130ffc8d2f8d0966ff05742ee57d3f0b78289fc\fabric-game-rule-api-v1-4.0.5+d871b99e39.jar;C:\Users\Owner\.gradle\caches\modules-2\files-2.1\net.fabricmc.fabric-api\fabric-gametest-api-v1\4.0.13+00a1fba639\864fbcf8c4e74aa776fd06b5c11dc64bc31c860f\fabric-gametest-api-v1-4.0.13+00a1fba639.jar;C:\Users\Owner\.gradle\caches\modules-2\files-2.1\net.fabricmc.fabric-api\fabric-item-api-v1\14.1.0+9833182c39\8d76358ee41a297970aa5efbb3057e2e04d83e5d\fabric-item-api-v1-14.1.0+9833182c39.jar;C:\Users\Owner\.gradle\caches\modules-2\files-2.1\net.fabricmc.fabric-api\fabric-recipe-api-v1\9.0.13+be4b75ae39\8d5c45b18cc18cce01efb54835fa9ac09a4fe208\fabric-recipe-api-v1-9.0.13+be4b75ae39.jar;C:\Users\Owner\.gradle\caches\modules-2\files-2.1\net.fabricmc.fabric-api\fabric-model-loading-api-v1\8.0.3+c80601bb39\19ef8dab4660d06bd26357024e2733924ae4cdb\fabric-model-loading-api-v1-8.0.3+c80601bb39.jar;C:\Users\Owner\.gradle\caches\modules-2\files-2.1\net.fabricmc.fabric-api\fabric-renderer-indigo\8.0.2+a6be36ef39\3abc5ae5f10b05a08db6a9dca31b6bfb59971fb\fabric-renderer-indigo-8.0.2+a6be36ef39.jar;C:\Users\Owner\.gradle\caches\modules-2\files-2.1\net.fabricmc.fabric-api\fabric-renderer-api-v1\13.0.0+c80601bb39\c3e8c145aeee55f2e76c45718af25b0817be4584\fabric-renderer-api-v1-13.0.0+c80601bb39.jar;C:\Users\Owner\.gradle\caches\modules-2\files-2.1\net.fabricmc.fabric-api\fabric-rendering-v1\23.0.4+c7e428fd39\775fd4c6c91d75439ea3fe9fbb80aedb26d43763\fabric-rendering-v1-23.0.4+c7e428fd39.jar;C:\Users\Owner\.gradle\caches\modules-2\files-2.1\net.fabricmc.fabric-api\fabric-lifecycle-events-v1\4.0.6+a9b9c17639\1391e6ce52ad05c3ef51ec461ce31ed05b32e3b8\fabric-lifecycle-events-v1-4.0.6+a9b9c17639.jar;C:\Users\Owner\.gradle\caches\modules-2\files-2.1\net.fabricmc.fabric-api\fabric-loot-api-v3\3.0.11+00a1fba639\bb18f62d32df09d49d392f24fc59735c15782335\fabric-loot-api-v3-3.0.11+00a1fba639.jar;C:\Users\Owner\.gradle\caches\modules-2\files-2.1\net.fabricmc.fabric-api\fabric-menu-api-v1\2.0.12+d871b99e39\8e260bcc1209af6e41c575e7080a435cc280f6cf\fabric-menu-api-v1-2.0.12+d871b99e39.jar;C:\Users\Owner\.gradle\caches\modules-2\files-2.1\net.fabricmc.fabric-api\fabric-message-api-v1\7.0.5+dae8ce3e39\dd4aa0822a0e10f5c94aa2f1120cd90d49b937b3\fabric-message-api-v1-7.0.5+dae8ce3e39.jar;C:\Users\Owner\.gradle\caches\modules-2\files-2.1\net.fabricmc.fabric-api\fabric-particles-v1\5.0.14+b61fef4339\884817fa132fdbe59f7d17d374ca8c3db1731421\fabric-particles-v1-5.0.14+b61fef4339.jar;C:\Users\Owner\.gradle\caches\modules-2\files-2.1\net.fabricmc.fabric-api\fabric-object-builder-api-v1\23.0.13+b61fef4339\975f55b99405c8abb185661b289eb0e0686e9f4d\fabric-object-builder-api-v1-23.0.13+b61fef4339.jar;C:\Users\Owner\.gradle\caches\modules-2\files-2.1\net.fabricmc.fabric-api\fabric-registry-sync-v0\7.0.12+b61fef4339\be9ab6b5c123d594360b98fec40bed07d6dbe35\fabric-registry-sync-v0-7.0.12+b61fef4339.jar;C:\Users\Owner\.gradle\caches\modules-2\files-2.1\net.fabricmc.fabric-api\fabric-networking-api-v1\6.3.0+50a808ce39\98c91c80f1bb156ea293343a581abd747120b8d\fabric-networking-api-v1-6.3.0+50a808ce39.jar;C:\Users\Owner\.gradle\caches\modules-2\files-2.1\net.fabricmc.fabric-api\fabric-rendering-fluids-v1\6.0.1+d871b99e39\b9c07322aad9f74508b9996b01049822a8f2fd61\fabric-rendering-fluids-v1-6.0.1+d871b99e39.jar;C:\Users\Owner\.gradle\caches\modules-2\files-2.1\net.fabricmc.fabric-api\fabric-tag-api-v1\2.0.9+11a26f3139\2db761550726f440cec4e7203e1ba407fe7f1eca\fabric-tag-api-v1-2.0.9+11a26f3139.jar;C:\Users\Owner\.gradle\caches\modules-2\files-2.1\net.fabricmc.fabric-api\fabric-resource-loader-v0\3.3.16+4fc5413f39\a01c1e5b66047a2177866ef6c1968986f1ed528b\fabric-resource-loader-v0-3.3.16+4fc5413f39.jar;C:\Users\Owner\.gradle\caches\modules-2\files-2.1\net.fabricmc.fabric-api\fabric-resource-loader-v1\2.0.9+d871b99e39\65c314cfd24c9f50821686d05e5b18b569ec51ab\fabric-resource-loader-v1-2.0.9+d871b99e39.jar;C:\Users\Owner\.gradle\caches\modules-2\files-2.1\net.fabricmc.fabric-api\fabric-screen-api-v1\5.0.1+d871b99e39\1f5bc27c49357d4e22df816a476ffbbbff3f97b6\fabric-screen-api-v1-5.0.1+d871b99e39.jar;C:\Users\Owner\.gradle\caches\modules-2\files-2.1\net.fabricmc.fabric-api\fabric-api-base\2.0.3+ece0632339\5c9f61de9a3f982deec09f2f345d8aea1d0e1d7d\fabric-api-base-2.0.3+ece0632339.jar;C:\Users\Owner\.gradle\caches\modules-2\files-2.1\net.fabricmc.fabric-api\fabric-biome-api-v1\18.0.4+35c80edc39\cc953874bea507821c78f9e06be59ad2a13c2a9d\fabric-biome-api-v1-18.0.4+35c80edc39.jar;C:\Users\Owner\.gradle\caches\modules-2\files-2.1\net.fabricmc.fabric-api\fabric-block-api-v1\3.0.2+ec56b60139\85d612b2032b95f4709835fc6a7b28bec10ba819\fabric-block-api-v1-3.0.2+ec56b60139.jar;C:\Users\Owner\.gradle\caches\modules-2\files-2.1\net.fabricmc.fabric-api\fabric-block-getter-api-v2\2.0.6+ec56b60139\fb8fc18856e44b16b31e7a394f249b849b4b88ed\fabric-block-getter-api-v2-2.0.6+ec56b60139.jar;C:\Users\Owner\.gradle\caches\modules-2\files-2.1\net.fabricmc.fabric-api\fabric-client-gametest-api-v1\5.0.14+9c21967139\8f823f915f695247b5a9f1a03c2dd3cef027958c\fabric-client-gametest-api-v1-5.0.14+9c21967139.jar;C:\Users\Owner\.gradle\caches\modules-2\files-2.1\net.fabricmc.fabric-api\fabric-crash-report-info-v1\1.0.3+9f78a5a839\aac6fe7e043507af39bbe857b12b469cf91f3848\fabric-crash-report-info-v1-1.0.3+9f78a5a839.jar;C:\Users\Owner\.gradle\caches\modules-2\files-2.1\net.fabricmc.fabric-api\fabric-key-mapping-api-v1\2.0.4+e2bdee7839\1b1e4d6c551f2140827b9ed16478cadb8c81633a\fabric-key-mapping-api-v1-2.0.4+e2bdee7839.jar;C:\Users\Owner\.gradle\caches\modules-2\files-2.1\net.fabricmc.fabric-api\fabric-resource-conditions-api-v1\6.0.5+00a1fba639\838cfa9d7709a518263d7cac4f9eb2d3e5ea7e6d\fabric-resource-conditions-api-v1-6.0.5+00a1fba639.jar;C:\Users\Owner\.gradle\caches\modules-2\files-2.1\net.fabricmc.fabric-api\fabric-serialization-api-v1\2.0.3+11a26f3139\a4dad7cf50e6727879ebab013f947c078d9e6779\fabric-serialization-api-v1-2.0.3+11a26f3139.jar;C:\Users\Owner\.gradle\caches\modules-2\files-2.1\net.fabricmc.fabric-api\fabric-sound-api-v1\2.0.4+11a26f3139\29db65b5994288adbb30e50af802904beb968387\fabric-sound-api-v1-2.0.4+11a26f3139.jar;C:\Users\Owner\.gradle\caches\modules-2\files-2.1\net.fabricmc.fabric-api\fabric-transitive-access-wideners-v1\8.0.11+d871b99e39\f7b531d31939d10a244b3164624a93786df0b784\fabric-transitive-access-wideners-v1-8.0.11+d871b99e39.jar;J:\minecraft orgenal mod with GPT\the_end_of_dragon\fabric\build\classes\java\main;J:\minecraft orgenal mod with GPT\the_end_of_dragon\fabric\build\resources\main
Launcher Type: SUN_STANDARD

[Global flags]
     intx CICompilerCount                          = 12                                        {product} {ergonomic}
     uint ConcGCThreads                            = 5                                         {product} {ergonomic}
     uint G1ConcRefinementThreads                  = 20                                        {product} {ergonomic}
   size_t G1HeapRegionSize                         = 8388608                                   {product} {ergonomic}
   size_t InitialHeapSize                          = 1073741824                                {product} {ergonomic}
   size_t MarkStackSize                            = 4194304                                   {product} {ergonomic}
   size_t MarkStackSizeMax                         = 536870912                                 {product} {ergonomic}
   size_t MaxHeapSize                              = 17129537536                               {product} {ergonomic}
   size_t MaxNewSize                               = 10276044800                               {product} {ergonomic}
   size_t MinHeapDeltaBytes                        = 8388608                                   {product} {ergonomic}
   size_t MinHeapSize                              = 8388608                                   {product} {ergonomic}
    uintx NonNMethodCodeHeapSize                   = 7602176                                {pd product} {ergonomic}
    uintx NonProfiledCodeHeapSize                  = 122093568                              {pd product} {ergonomic}
    uintx ProfiledCodeHeapSize                     = 121962496                              {pd product} {ergonomic}
    uintx ReservedCodeCacheSize                    = 251658240                              {pd product} {ergonomic}
     bool SegmentedCodeCache                       = true                                      {product} {ergonomic}
   size_t SoftMaxHeapSize                          = 17129537536                            {manageable} {ergonomic}
     bool UseCompressedOops                        = true                           {product lp64_product} {ergonomic}
     bool UseG1GC                                  = true                                      {product} {ergonomic}
     bool UseLargePagesIndividualAllocation        = false                                  {pd product} {ergonomic}

Logging:
Log output configuration:
 #0: stdout all=warning uptime,level,tags foldmultilines=false
 #1: stderr all=off uptime,level,tags foldmultilines=false

Release file:
IMPLEMENTOR="Oracle Corporation" 
JAVA_RUNTIME_VERSION="25.0.3+9-LTS-195" 
JAVA_VERSION="25.0.3" 
JAVA_VERSION_DATE="2026-04-21" 
LIBC="default" 
MODULES="java.base java.compiler java.datatransfer java.xml java.prefs java.desktop java.instrument java.logging java.management java.security.sasl java.naming java.rmi java.management.rmi java.net.http java.scripting java.security.jgss java.transaction.xa java.sql java.sql.rowset java.xml.crypto java.se java.smartcardio jdk.accessibility jdk.internal.jvmstat jdk.attach jdk.charsets jdk.internal.opt jdk.zipfs jdk.compiler jdk.crypto.cryptoki jdk.crypto.ec jdk.crypto.mscapi jdk.dynalink jdk.internal.ed jdk.editpad jdk.internal.vm.ci jdk.graal.compiler jdk.graal.compiler.management jdk.hotspot.agent jdk.httpserver jdk.incubator.vector jdk.internal.le jdk.internal.md jdk.jartool jdk.javadoc jdk.jcmd jdk.management jdk.management.agent jdk.jconsole jdk.jdeps jdk.jdwp.agent jdk.jdi jdk.jfr jdk.jlink jdk.jpackage jdk.jshell jdk.jsobject jdk.jstatd jdk.localedata jdk.management.jfr jdk.naming.dns jdk.naming.rmi jdk.net jdk.nio.mapmode jdk.sctp jdk.security.auth jdk.security.jgss jdk.unsupported jdk.unsupported.desktop jdk.xml.dom" 
OS_ARCH="x86_64" 
OS_NAME="Windows" 
SOURCE=".:git:bf167394bb46 open:git:e57ac4c1e765" 

Environment Variables:
PATH=C:\Program Files\Common Files\Oracle\Java\javapath;C:\Windows\system32;C:\Windows;C:\Windows\System32\Wbem;C:\Windows\System32\WindowsPowerShell\v1.0\;C:\Windows\System32\OpenSSH\;C:\Program Files (x86)\NVIDIA Corporation\PhysX\Common;C:\WINDOWS\system32;C:\WINDOWS;C:\WINDOWS\System32\Wbem;C:\WINDOWS\System32\WindowsPowerShell\v1.0\;C:\WINDOWS\System32\OpenSSH\;C:\Program Files\Microsoft SQL Server\150\Tools\Binn\;C:\Program Files\Microsoft SQL Server\Client SDK\ODBC\170\Tools\Binn\;C:\Program Files\dotnet\;C:\Program Files (x86)\Windows Kits\10\Windows Performance Toolkit\;C:\Program Files\Git\cmd;C:\Program Files\NVIDIA Corporation\NVIDIA App\NvDLISR;C:\Users\Owner\AppData\Local\Programs\Eclipse Adoptium\jdk-21.0.6.7-hotspot\bin;C:\Users\Owner\AppData\Local\Microsoft\WindowsApps;C:\Users\Owner\AppData\Local\Programs\Microsoft VS Code\bin;C:\Users\Owner\.dotnet\tools;C:\Program Files\JetBrains\IntelliJ IDEA 2026.1\bin
USERNAME=LichtMeilleur
OS=Windows_NT
PROCESSOR_IDENTIFIER=Intel64 Family 6 Model 183 Stepping 1, GenuineIntel
TMP=C:\Users\Owner\AppData\Local\Temp
TEMP=C:\Users\Owner\AppData\Local\Temp




Compilation memory statistics disabled.

Periodic native trim disabled

---------------  S Y S T E M  ---------------

OS:
 Windows 11 , 64 bit Build 26100 (10.0.26100.8521)
OS uptime: 8 days 0:50 hours

CPU: total 28 (initial active 28) (28 cores per cpu, 1 threads per core) family 6 model 183 stepping 1 microcode 0x120, cx8, cmov, fxsr, mmx, 3dnowpref, sse, sse2, sse3, ssse3, sse4.1, sse4.2, popcnt, lzcnt, tsc, tscinvbit, avx, avx2, aes, erms, clmul, bmi1, bmi2, adx, sha, fma, vzeroupper, clflush, clflushopt, clwb, serialize, rdtscp, rdpid, fsrm, gfni, f16c, pku, cet_ibt, cet_ss
Processor Information for the first 28 processors :
  Max Mhz: 3400, Current Mhz: 3400, Mhz Limit: 3400

Memory: 4k page, system-wide physical 65312M (9810M free)
TotalPageFile size 130848M (AvailPageFile size 58656M)
current process WorkingSet (physical memory assigned to process): 432M, peak: 492M
current process commit charge ("private bytes"): 546M, peak: 1231M

vm_info: Java HotSpot(TM) 64-Bit Server VM (25.0.3+9-LTS-195) for windows-amd64 JRE (25.0.3+9-LTS-195), built on 2026-03-11T00:20:00Z with MS VC++ 17.13 (VS2022)

END.
